16:17:02.468 [restartedMain] INFO  c.h.h.HomieMatchingApplication - Starting HomieMatchingApplication using Java 1.8.0_402 on DESKTOP-MCJU8J2 with PID 47112 (D:\planet_projects\homieMatching-master\target\classes started by hejiajun in D:\planet_projects\homieMatching-master)
16:17:02.469 [restartedMain] INFO  c.h.h.HomieMatchingApplication - The following 1 profile is active: "dev"
16:17:02.516 [restartedMain] INFO  o.s.b.d.e.DevToolsPropertyDefaultsPostProcessor - Devtools property defaults active! Set 'spring.devtools.add-properties' to 'false' to disable
16:17:02.516 [restartedMain] INFO  o.s.b.d.e.DevToolsPropertyDefaultsPostProcessor - For additional web related logging consider setting the 'logging.level.web' property to 'DEBUG'
16:17:03.162 [restartedMain] INFO  o.s.d.r.c.RepositoryConfigurationDelegate - Multiple Spring Data modules found, entering strict repository configuration mode
16:17:03.164 [restartedMain] INFO  o.s.d.r.c.RepositoryConfigurationDelegate - Bootstrapping Spring Data Redis repositories in DEFAULT mode.
16:17:03.186 [restartedMain] INFO  o.s.d.r.c.RepositoryConfigurationDelegate - Finished Spring Data repository scanning in 11 ms. Found 0 Redis repository interfaces.
16:17:03.825 [restartedMain] INFO  o.s.b.w.e.tomcat.TomcatWebServer - Tomcat initialized with port(s): 8080 (http)
16:17:03.830 [restartedMain] INFO  o.a.coyote.http11.Http11NioProtocol - Initializing ProtocolHandler ["http-nio-8080"]
16:17:03.831 [restartedMain] INFO  o.a.catalina.core.StandardService - Starting service [Tomcat]
16:17:03.832 [restartedMain] INFO  o.a.catalina.core.StandardEngine - Starting Servlet engine: [Apache Tomcat/9.0.80]
16:17:03.888 [restartedMain] INFO  o.a.c.c.C.[.[localhost].[/api] - Initializing Spring embedded WebApplicationContext
16:17:03.888 [restartedMain] INFO  o.s.b.w.s.c.ServletWebServerApplicationContext - Root WebApplicationContext: initialization completed in 1371 ms
16:17:03.928 [restartedMain] INFO  o.s.b.web.servlet.RegistrationBean - Filter httpSessionFilter was not registered (possibly already registered?)
16:17:04.772 [restartedMain] WARN  c.b.m.core.metadata.TableInfoHelper - This primary key of "id" is primitive !不建议如此请使用包装类 in Class: "com.hjj.homieMatching.model.domain.User"
16:17:05.584 [restartedMain] INFO  org.redisson.Version - Redisson 3.17.5
16:17:05.746 [redisson-netty-4-6] INFO  o.r.c.p.MasterPubSubConnectionPool - 1 connections initialized for localhost/127.0.0.1:6379
16:17:05.766 [redisson-netty-4-20] INFO  o.r.c.pool.MasterConnectionPool - 24 connections initialized for localhost/127.0.0.1:6379
16:17:05.961 [restartedMain] INFO  com.zaxxer.hikari.HikariDataSource - HikariPool-1 - Starting...
16:17:06.157 [restartedMain] INFO  com.zaxxer.hikari.HikariDataSource - HikariPool-1 - Start completed.
16:17:06.587 [restartedMain] INFO  s.d.s.w.WebMvcPropertySourcedRequestMappingHandlerMapping - Mapped URL path [/v2/api-docs] onto method [springfox.documentation.swagger2.web.Swagger2ControllerWebMvc#getDocumentation(String, HttpServletRequest)]
16:17:06.730 [restartedMain] INFO  o.s.b.d.a.OptionalLiveReloadServer - LiveReload server is running on port 35729
16:17:07.217 [restartedMain] INFO  o.a.coyote.http11.Http11NioProtocol - Starting ProtocolHandler ["http-nio-8080"]
16:17:07.225 [restartedMain] INFO  o.s.b.w.e.tomcat.TomcatWebServer - Tomcat started on port(s): 8080 (http) with context path '/api'
16:17:07.226 [restartedMain] INFO  s.d.s.w.p.DocumentationPluginsBootstrapper - Documentation plugins bootstrapped
16:17:07.228 [restartedMain] INFO  s.d.s.w.p.DocumentationPluginsBootstrapper - Found 1 custom documentation plugin(s)
16:17:07.249 [restartedMain] INFO  s.d.s.w.s.ApiListingReferenceScanner - Scanning for api listing references
16:17:07.463 [restartedMain] INFO  o.s.s.a.ScheduledAnnotationBeanPostProcessor - No TaskScheduler/ScheduledExecutorService bean found for scheduled processing
16:17:07.469 [restartedMain] INFO  c.h.h.HomieMatchingApplication - Started HomieMatchingApplication in 5.437 seconds (JVM running for 6.394)
16:17:18.045 [http-nio-8080-exec-1] INFO  c.h.h.config.HttpSessionConfig - HttpSession initialized: 5F70B3E15082CE99EB70DBD63DAAECA3
16:17:18.051 [http-nio-8080-exec-1] INFO  o.a.c.c.C.[.[localhost].[/api] - Initializing Spring DispatcherServlet 'dispatcherServlet'
16:17:18.051 [http-nio-8080-exec-1] INFO  o.s.web.servlet.DispatcherServlet - Initializing Servlet 'dispatcherServlet'
16:17:18.052 [http-nio-8080-exec-1] INFO  o.s.web.servlet.DispatcherServlet - Completed initialization in 1 ms
16:17:18.099 [http-nio-8080-exec-1] INFO  c.h.homieMatching.aop.LogInterceptor - request start，id: 10397fe6-77c7-4885-aa33-febc9f836d2a, path: /api/user/logout, ip: 0:0:0:0:0:0:0:1, params: [org.springframework.session.web.http.SessionRepositoryFilter$SessionRepositoryRequestWrapper@58256f11]
16:17:18.104 [http-nio-8080-exec-1] INFO  c.h.homieMatching.aop.LogInterceptor - request end, id: 10397fe6-77c7-4885-aa33-febc9f836d2a, cost: 10ms
16:17:31.511 [http-nio-8080-exec-2] INFO  c.h.h.config.HttpSessionConfig - HttpSession initialized: 0B61A0E128BECE439191A6C6C948AF93
16:17:31.525 [http-nio-8080-exec-3] INFO  c.h.h.config.HttpSessionConfig - HttpSession initialized: 5F70B3E15082CE99EB70DBD63DAAECA3
16:17:31.555 [http-nio-8080-exec-3] INFO  c.h.homieMatching.aop.LogInterceptor - request start，id: c05067f6-c938-47c7-a46b-24181123c9e3, path: /api/user/login, ip: 0:0:0:0:0:0:0:1, params: [UserLoginRequest(userAccount=burger, userPassword=12345678), org.springframework.session.web.http.SessionRepositoryFilter$SessionRepositoryRequestWrapper@52029177]
16:17:31.570 [http-nio-8080-exec-3] INFO  c.h.homieMatching.aop.LogInterceptor - request end, id: c05067f6-c938-47c7-a46b-24181123c9e3, cost: 14ms
16:17:32.473 [http-nio-8080-exec-6] INFO  c.h.h.config.HttpSessionConfig - HttpSession initialized: 5F70B3E15082CE99EB70DBD63DAAECA3
16:17:32.485 [http-nio-8080-exec-6] INFO  c.h.homieMatching.aop.LogInterceptor - request start，id: 370f07ff-af3d-4490-8a70-e849a538a051, path: /api/user/recommend, ip: 0:0:0:0:0:0:0:1, params: [3, 1, org.springframework.session.web.http.SessionRepositoryFilter$SessionRepositoryRequestWrapper@51f0e777]
16:17:32.516 [http-nio-8080-exec-7] INFO  c.h.h.config.HttpSessionConfig - HttpSession initialized: 5F70B3E15082CE99EB70DBD63DAAECA3
16:17:32.521 [http-nio-8080-exec-7] INFO  c.h.homieMatching.aop.LogInterceptor - request start，id: 57f03934-3ac4-4281-b8a2-cdc22db15e57, path: /api/user/recommend, ip: 0:0:0:0:0:0:0:1, params: [3, 2, org.springframework.session.web.http.SessionRepositoryFilter$SessionRepositoryRequestWrapper@4c371172]
16:17:32.576 [http-nio-8080-exec-6] INFO  c.h.homieMatching.aop.LogInterceptor - request end, id: 370f07ff-af3d-4490-8a70-e849a538a051, cost: 90ms
16:17:32.580 [http-nio-8080-exec-7] INFO  c.h.homieMatching.aop.LogInterceptor - request end, id: 57f03934-3ac4-4281-b8a2-cdc22db15e57, cost: 58ms
16:26:24.995 [SpringApplicationShutdownHook] INFO  com.zaxxer.hikari.HikariDataSource - HikariPool-1 - Shutdown initiated...
16:26:25.003 [SpringApplicationShutdownHook] INFO  com.zaxxer.hikari.HikariDataSource - HikariPool-1 - Shutdown completed.
16:26:32.534 [restartedMain] INFO  c.h.h.HomieMatchingApplication - Starting HomieMatchingApplication using Java 1.8.0_402 on DESKTOP-MCJU8J2 with PID 66296 (D:\planet_projects\homieMatching-master\target\classes started by hejiajun in D:\planet_projects\homieMatching-master)
16:26:32.535 [restartedMain] INFO  c.h.h.HomieMatchingApplication - The following 1 profile is active: "dev"
16:26:32.580 [restartedMain] INFO  o.s.b.d.e.DevToolsPropertyDefaultsPostProcessor - Devtools property defaults active! Set 'spring.devtools.add-properties' to 'false' to disable
16:26:32.580 [restartedMain] INFO  o.s.b.d.e.DevToolsPropertyDefaultsPostProcessor - For additional web related logging consider setting the 'logging.level.web' property to 'DEBUG'
16:26:33.306 [restartedMain] INFO  o.s.d.r.c.RepositoryConfigurationDelegate - Multiple Spring Data modules found, entering strict repository configuration mode
16:26:33.307 [restartedMain] INFO  o.s.d.r.c.RepositoryConfigurationDelegate - Bootstrapping Spring Data Redis repositories in DEFAULT mode.
16:26:33.331 [restartedMain] INFO  o.s.d.r.c.RepositoryConfigurationDelegate - Finished Spring Data repository scanning in 11 ms. Found 0 Redis repository interfaces.
16:26:33.989 [restartedMain] INFO  o.s.b.w.e.tomcat.TomcatWebServer - Tomcat initialized with port(s): 8080 (http)
16:26:33.995 [restartedMain] INFO  o.a.coyote.http11.Http11NioProtocol - Initializing ProtocolHandler ["http-nio-8080"]
16:26:33.996 [restartedMain] INFO  o.a.catalina.core.StandardService - Starting service [Tomcat]
16:26:33.996 [restartedMain] INFO  o.a.catalina.core.StandardEngine - Starting Servlet engine: [Apache Tomcat/9.0.80]
16:26:34.061 [restartedMain] INFO  o.a.c.c.C.[.[localhost].[/api] - Initializing Spring embedded WebApplicationContext
16:26:34.061 [restartedMain] INFO  o.s.b.w.s.c.ServletWebServerApplicationContext - Root WebApplicationContext: initialization completed in 1480 ms
16:26:34.100 [restartedMain] INFO  o.s.b.web.servlet.RegistrationBean - Filter httpSessionFilter was not registered (possibly already registered?)
16:26:35.019 [restartedMain] WARN  c.b.m.core.metadata.TableInfoHelper - This primary key of "id" is primitive !不建议如此请使用包装类 in Class: "com.hjj.homieMatching.model.domain.User"
16:26:35.937 [restartedMain] INFO  org.redisson.Version - Redisson 3.17.5
16:26:36.106 [redisson-netty-4-6] INFO  o.r.c.p.MasterPubSubConnectionPool - 1 connections initialized for localhost/127.0.0.1:6379
16:26:36.132 [redisson-netty-4-20] INFO  o.r.c.pool.MasterConnectionPool - 24 connections initialized for localhost/127.0.0.1:6379
16:26:36.330 [restartedMain] INFO  com.zaxxer.hikari.HikariDataSource - HikariPool-1 - Starting...
16:26:36.543 [restartedMain] INFO  com.zaxxer.hikari.HikariDataSource - HikariPool-1 - Start completed.
16:26:36.998 [restartedMain] INFO  s.d.s.w.WebMvcPropertySourcedRequestMappingHandlerMapping - Mapped URL path [/v2/api-docs] onto method [springfox.documentation.swagger2.web.Swagger2ControllerWebMvc#getDocumentation(String, HttpServletRequest)]
16:26:37.152 [restartedMain] INFO  o.s.b.d.a.OptionalLiveReloadServer - LiveReload server is running on port 35729
16:26:37.658 [restartedMain] INFO  o.a.coyote.http11.Http11NioProtocol - Starting ProtocolHandler ["http-nio-8080"]
16:26:37.667 [restartedMain] INFO  o.s.b.w.e.tomcat.TomcatWebServer - Tomcat started on port(s): 8080 (http) with context path '/api'
16:26:37.668 [restartedMain] INFO  s.d.s.w.p.DocumentationPluginsBootstrapper - Documentation plugins bootstrapped
16:26:37.670 [restartedMain] INFO  s.d.s.w.p.DocumentationPluginsBootstrapper - Found 1 custom documentation plugin(s)
16:26:37.693 [restartedMain] INFO  s.d.s.w.s.ApiListingReferenceScanner - Scanning for api listing references
16:26:37.917 [restartedMain] INFO  o.s.s.a.ScheduledAnnotationBeanPostProcessor - No TaskScheduler/ScheduledExecutorService bean found for scheduled processing
16:26:37.926 [restartedMain] INFO  c.h.h.HomieMatchingApplication - Started HomieMatchingApplication in 5.771 seconds (JVM running for 6.723)
16:26:42.414 [SpringApplicationShutdownHook] INFO  com.zaxxer.hikari.HikariDataSource - HikariPool-1 - Shutdown initiated...
16:26:42.422 [SpringApplicationShutdownHook] INFO  com.zaxxer.hikari.HikariDataSource - HikariPool-1 - Shutdown completed.
16:26:45.364 [restartedMain] INFO  c.h.h.HomieMatchingApplication - Starting HomieMatchingApplication using Java 1.8.0_402 on DESKTOP-MCJU8J2 with PID 37116 (D:\planet_projects\homieMatching-master\target\classes started by hejiajun in D:\planet_projects\homieMatching-master)
16:26:45.365 [restartedMain] INFO  c.h.h.HomieMatchingApplication - The following 1 profile is active: "dev"
16:26:45.409 [restartedMain] INFO  o.s.b.d.e.DevToolsPropertyDefaultsPostProcessor - Devtools property defaults active! Set 'spring.devtools.add-properties' to 'false' to disable
16:26:45.410 [restartedMain] INFO  o.s.b.d.e.DevToolsPropertyDefaultsPostProcessor - For additional web related logging consider setting the 'logging.level.web' property to 'DEBUG'
16:26:46.045 [restartedMain] INFO  o.s.d.r.c.RepositoryConfigurationDelegate - Multiple Spring Data modules found, entering strict repository configuration mode
16:26:46.046 [restartedMain] INFO  o.s.d.r.c.RepositoryConfigurationDelegate - Bootstrapping Spring Data Redis repositories in DEFAULT mode.
16:26:46.068 [restartedMain] INFO  o.s.d.r.c.RepositoryConfigurationDelegate - Finished Spring Data repository scanning in 10 ms. Found 0 Redis repository interfaces.
16:26:46.758 [restartedMain] INFO  o.s.b.w.e.tomcat.TomcatWebServer - Tomcat initialized with port(s): 8080 (http)
16:26:46.764 [restartedMain] INFO  o.a.coyote.http11.Http11NioProtocol - Initializing ProtocolHandler ["http-nio-8080"]
16:26:46.765 [restartedMain] INFO  o.a.catalina.core.StandardService - Starting service [Tomcat]
16:26:46.765 [restartedMain] INFO  o.a.catalina.core.StandardEngine - Starting Servlet engine: [Apache Tomcat/9.0.80]
16:26:46.821 [restartedMain] INFO  o.a.c.c.C.[.[localhost].[/api] - Initializing Spring embedded WebApplicationContext
16:26:46.822 [restartedMain] INFO  o.s.b.w.s.c.ServletWebServerApplicationContext - Root WebApplicationContext: initialization completed in 1412 ms
16:26:46.861 [restartedMain] INFO  o.s.b.web.servlet.RegistrationBean - Filter httpSessionFilter was not registered (possibly already registered?)
16:26:47.895 [restartedMain] WARN  c.b.m.core.metadata.TableInfoHelper - This primary key of "id" is primitive !不建议如此请使用包装类 in Class: "com.hjj.homieMatching.model.domain.User"
16:26:48.742 [restartedMain] INFO  org.redisson.Version - Redisson 3.17.5
16:26:48.890 [redisson-netty-4-6] INFO  o.r.c.p.MasterPubSubConnectionPool - 1 connections initialized for localhost/127.0.0.1:6379
16:26:48.915 [redisson-netty-4-20] INFO  o.r.c.pool.MasterConnectionPool - 24 connections initialized for localhost/127.0.0.1:6379
16:26:49.117 [restartedMain] INFO  com.zaxxer.hikari.HikariDataSource - HikariPool-1 - Starting...
16:26:49.315 [restartedMain] INFO  com.zaxxer.hikari.HikariDataSource - HikariPool-1 - Start completed.
16:26:49.763 [restartedMain] INFO  s.d.s.w.WebMvcPropertySourcedRequestMappingHandlerMapping - Mapped URL path [/v2/api-docs] onto method [springfox.documentation.swagger2.web.Swagger2ControllerWebMvc#getDocumentation(String, HttpServletRequest)]
16:26:49.911 [restartedMain] INFO  o.s.b.d.a.OptionalLiveReloadServer - LiveReload server is running on port 35729
16:26:50.387 [restartedMain] INFO  o.a.coyote.http11.Http11NioProtocol - Starting ProtocolHandler ["http-nio-8080"]
16:26:50.394 [restartedMain] INFO  o.s.b.w.e.tomcat.TomcatWebServer - Tomcat started on port(s): 8080 (http) with context path '/api'
16:26:50.395 [restartedMain] INFO  s.d.s.w.p.DocumentationPluginsBootstrapper - Documentation plugins bootstrapped
16:26:50.397 [restartedMain] INFO  s.d.s.w.p.DocumentationPluginsBootstrapper - Found 1 custom documentation plugin(s)
16:26:50.420 [restartedMain] INFO  s.d.s.w.s.ApiListingReferenceScanner - Scanning for api listing references
16:26:50.648 [restartedMain] INFO  o.s.s.a.ScheduledAnnotationBeanPostProcessor - No TaskScheduler/ScheduledExecutorService bean found for scheduled processing
16:26:50.655 [restartedMain] INFO  c.h.h.HomieMatchingApplication - Started HomieMatchingApplication in 5.628 seconds (JVM running for 6.671)
16:29:19.328 [http-nio-8080-exec-1] INFO  c.h.h.config.HttpSessionConfig - HttpSession initialized: 5F70B3E15082CE99EB70DBD63DAAECA3
16:29:19.333 [http-nio-8080-exec-1] INFO  o.a.c.c.C.[.[localhost].[/api] - Initializing Spring DispatcherServlet 'dispatcherServlet'
16:29:19.334 [http-nio-8080-exec-1] INFO  o.s.web.servlet.DispatcherServlet - Initializing Servlet 'dispatcherServlet'
16:29:19.335 [http-nio-8080-exec-1] INFO  o.s.web.servlet.DispatcherServlet - Completed initialization in 1 ms
16:29:19.391 [http-nio-8080-exec-1] INFO  c.h.homieMatching.aop.LogInterceptor - request start，id: 245240eb-9ce8-48bd-80f7-5ca42e069646, path: /api/user/current, ip: 0:0:0:0:0:0:0:1, params: [org.springframework.session.web.http.SessionRepositoryFilter$SessionRepositoryRequestWrapper@59cc94f7]
16:29:19.401 [http-nio-8080-exec-1] ERROR c.h.homieMatching.aop.LogInterceptor - request end, id: 245240eb-9ce8-48bd-80f7-5ca42e069646, cost: 15ms
16:29:20.138 [http-nio-8080-exec-3] INFO  c.h.h.config.HttpSessionConfig - HttpSession initialized: 5F70B3E15082CE99EB70DBD63DAAECA3
16:29:20.141 [http-nio-8080-exec-3] INFO  c.h.homieMatching.aop.LogInterceptor - request start，id: 3bfdf5bb-9f34-46df-af01-c69bd3a911bc, path: /api/user/logout, ip: 0:0:0:0:0:0:0:1, params: [org.springframework.session.web.http.SessionRepositoryFilter$SessionRepositoryRequestWrapper@983fb04]
16:29:20.141 [http-nio-8080-exec-3] ERROR c.h.homieMatching.aop.LogInterceptor - request end, id: 3bfdf5bb-9f34-46df-af01-c69bd3a911bc, cost: 0ms
16:29:28.932 [http-nio-8080-exec-4] INFO  c.h.h.config.HttpSessionConfig - HttpSession initialized: 5F70B3E15082CE99EB70DBD63DAAECA3
16:29:28.974 [http-nio-8080-exec-4] INFO  c.h.homieMatching.aop.LogInterceptor - request start，id: 6088d315-6b56-4eee-87b7-032a6a58a6fd, path: /api/user/login, ip: 0:0:0:0:0:0:0:1, params: [UserLoginRequest(userAccount=burger, userPassword=12345678), org.springframework.session.web.http.SessionRepositoryFilter$SessionRepositoryRequestWrapper@6918f71d]
16:29:28.989 [http-nio-8080-exec-4] ERROR c.h.homieMatching.aop.LogInterceptor - request end, id: 6088d315-6b56-4eee-87b7-032a6a58a6fd, cost: 14ms
16:29:29.903 [http-nio-8080-exec-7] INFO  c.h.h.config.HttpSessionConfig - HttpSession initialized: 5F70B3E15082CE99EB70DBD63DAAECA3
16:29:29.915 [http-nio-8080-exec-7] INFO  c.h.homieMatching.aop.LogInterceptor - request start，id: ea898bef-cad9-4a4f-bf2f-e3379062b977, path: /api/user/recommend, ip: 0:0:0:0:0:0:0:1, params: [3, 1, org.springframework.session.web.http.SessionRepositoryFilter$SessionRepositoryRequestWrapper@68381ad4]
16:29:29.941 [http-nio-8080-exec-8] INFO  c.h.h.config.HttpSessionConfig - HttpSession initialized: 5F70B3E15082CE99EB70DBD63DAAECA3
16:29:29.944 [http-nio-8080-exec-8] INFO  c.h.homieMatching.aop.LogInterceptor - request start，id: 89f267df-099a-4549-8a05-98d4d83bfc91, path: /api/user/recommend, ip: 0:0:0:0:0:0:0:1, params: [3, 2, org.springframework.session.web.http.SessionRepositoryFilter$SessionRepositoryRequestWrapper@2af4dc94]
16:29:30.005 [http-nio-8080-exec-7] ERROR c.h.homieMatching.aop.LogInterceptor - request end, id: ea898bef-cad9-4a4f-bf2f-e3379062b977, cost: 90ms
16:29:30.009 [http-nio-8080-exec-8] ERROR c.h.homieMatching.aop.LogInterceptor - request end, id: 89f267df-099a-4549-8a05-98d4d83bfc91, cost: 65ms
16:34:29.012 [http-nio-8080-exec-9] INFO  c.h.h.config.HttpSessionConfig - HttpSession initialized: 5F70B3E15082CE99EB70DBD63DAAECA3
16:34:29.015 [http-nio-8080-exec-9] INFO  c.h.homieMatching.aop.LogInterceptor - request start，id: 966e2baf-7181-4d67-9a76-5e1e4113a6f9, path: /api/user/current, ip: 0:0:0:0:0:0:0:1, params: [org.springframework.session.web.http.SessionRepositoryFilter$SessionRepositoryRequestWrapper@4eb01047]
16:34:29.017 [http-nio-8080-exec-9] ERROR c.h.homieMatching.aop.LogInterceptor - request end, id: 966e2baf-7181-4d67-9a76-5e1e4113a6f9, cost: 3ms
16:34:48.855 [http-nio-8080-exec-1] INFO  c.h.h.config.HttpSessionConfig - HttpSession initialized: 0593D7D8F53E593F4F5386E95303B877
16:34:48.869 [http-nio-8080-exec-3] INFO  c.h.h.config.HttpSessionConfig - HttpSession initialized: 5F70B3E15082CE99EB70DBD63DAAECA3
16:34:48.880 [http-nio-8080-exec-3] INFO  c.h.homieMatching.aop.LogInterceptor - request start，id: 014f51c0-1b52-4c11-a8df-c066c32703e2, path: /api/user/update, ip: 0:0:0:0:0:0:0:1, params: [User(id=2, username=null, userAccount=null, avatarUrl=null, gender=1, profile=null, userPassword=null, phone=null, email=null, userStatus=null, createTime=null, updateTime=null, isDelete=null, userRole=null, planetCode=null, tags=null, longitude=null, dimension=null), org.springframework.session.web.http.SessionRepositoryFilter$SessionRepositoryRequestWrapper@4f702c7]
16:34:48.916 [http-nio-8080-exec-3] ERROR c.h.homieMatching.aop.LogInterceptor - request end, id: 014f51c0-1b52-4c11-a8df-c066c32703e2, cost: 35ms
16:35:39.498 [http-nio-8080-exec-7] INFO  c.h.h.config.HttpSessionConfig - HttpSession initialized: 5F70B3E15082CE99EB70DBD63DAAECA3
16:35:39.501 [http-nio-8080-exec-7] INFO  c.h.homieMatching.aop.LogInterceptor - request start，id: 7fd7d6d6-22e3-4724-99e0-ff79ec5b4d15, path: /api/user/recommend, ip: 0:0:0:0:0:0:0:1, params: [3, 1, org.springframework.session.web.http.SessionRepositoryFilter$SessionRepositoryRequestWrapper@74ca10fd]
16:35:39.554 [http-nio-8080-exec-7] ERROR c.h.homieMatching.aop.LogInterceptor - request end, id: 7fd7d6d6-22e3-4724-99e0-ff79ec5b4d15, cost: 53ms
16:35:39.567 [http-nio-8080-exec-8] INFO  c.h.h.config.HttpSessionConfig - HttpSession initialized: 5F70B3E15082CE99EB70DBD63DAAECA3
16:35:39.570 [http-nio-8080-exec-8] INFO  c.h.homieMatching.aop.LogInterceptor - request start，id: 24d17074-567a-4138-b6b7-92e120c338d7, path: /api/user/recommend, ip: 0:0:0:0:0:0:0:1, params: [3, 2, org.springframework.session.web.http.SessionRepositoryFilter$SessionRepositoryRequestWrapper@11d70740]
16:35:39.574 [http-nio-8080-exec-8] ERROR c.h.homieMatching.aop.LogInterceptor - request end, id: 24d17074-567a-4138-b6b7-92e120c338d7, cost: 3ms
16:35:40.006 [http-nio-8080-exec-5] INFO  c.h.h.config.HttpSessionConfig - HttpSession initialized: 5F70B3E15082CE99EB70DBD63DAAECA3
16:35:40.008 [http-nio-8080-exec-5] INFO  c.h.homieMatching.aop.LogInterceptor - request start，id: d49c561a-cab7-45bc-966b-63718b567d50, path: /api/friend/list, ip: 0:0:0:0:0:0:0:1, params: [org.springframework.session.web.http.SessionRepositoryFilter$SessionRepositoryRequestWrapper@fa8a2]
16:35:40.040 [http-nio-8080-exec-5] ERROR c.h.homieMatching.aop.LogInterceptor - request end, id: d49c561a-cab7-45bc-966b-63718b567d50, cost: 31ms
16:35:40.420 [http-nio-8080-exec-6] INFO  c.h.h.config.HttpSessionConfig - HttpSession initialized: 5F70B3E15082CE99EB70DBD63DAAECA3
16:35:40.432 [http-nio-8080-exec-6] INFO  c.h.homieMatching.aop.LogInterceptor - request start，id: b3ce7970-b261-4422-98e1-e9ea13f86bb7, path: /api/team/list, ip: 0:0:0:0:0:0:0:1, params: [TeamQuery(id=null, idList=null, searchText=, teamName=null, description=null, maxNum=null, userId=null, status=0), org.springframework.session.web.http.SessionRepositoryFilter$SessionRepositoryRequestWrapper@3f844d33]
16:35:40.467 [http-nio-8080-exec-6] ERROR c.h.homieMatching.aop.LogInterceptor - request end, id: b3ce7970-b261-4422-98e1-e9ea13f86bb7, cost: 34ms
16:35:40.472 [http-nio-8080-exec-9] INFO  c.h.h.config.HttpSessionConfig - HttpSession initialized: 5F70B3E15082CE99EB70DBD63DAAECA3
16:35:40.474 [http-nio-8080-exec-9] INFO  c.h.homieMatching.aop.LogInterceptor - request start，id: b2a167a8-ba55-428a-b3cf-9b82ccdfce9b, path: /api/team/list, ip: 0:0:0:0:0:0:0:1, params: [TeamQuery(id=null, idList=null, searchText=, teamName=null, description=null, maxNum=null, userId=null, status=0), org.springframework.session.web.http.SessionRepositoryFilter$SessionRepositoryRequestWrapper@3001d964]
16:35:40.484 [http-nio-8080-exec-9] ERROR c.h.homieMatching.aop.LogInterceptor - request end, id: b2a167a8-ba55-428a-b3cf-9b82ccdfce9b, cost: 10ms
16:35:41.473 [http-nio-8080-exec-10] INFO  c.h.h.config.HttpSessionConfig - HttpSession initialized: 5F70B3E15082CE99EB70DBD63DAAECA3
16:35:41.475 [http-nio-8080-exec-10] INFO  c.h.homieMatching.aop.LogInterceptor - request start，id: 314cfd4f-45e0-4f80-aa90-95bb8d8d7dc5, path: /api/team/list, ip: 0:0:0:0:0:0:0:1, params: [TeamQuery(id=null, idList=null, searchText=, teamName=null, description=null, maxNum=null, userId=null, status=0), org.springframework.session.web.http.SessionRepositoryFilter$SessionRepositoryRequestWrapper@58d4b11e]
16:35:41.483 [http-nio-8080-exec-10] ERROR c.h.homieMatching.aop.LogInterceptor - request end, id: 314cfd4f-45e0-4f80-aa90-95bb8d8d7dc5, cost: 7ms
16:35:41.487 [http-nio-8080-exec-1] INFO  c.h.h.config.HttpSessionConfig - HttpSession initialized: 5F70B3E15082CE99EB70DBD63DAAECA3
16:35:41.489 [http-nio-8080-exec-1] INFO  c.h.homieMatching.aop.LogInterceptor - request start，id: b4517716-2556-44c2-bf3c-1314fe000fd9, path: /api/team/list, ip: 0:0:0:0:0:0:0:1, params: [TeamQuery(id=null, idList=null, searchText=, teamName=null, description=null, maxNum=null, userId=null, status=0), org.springframework.session.web.http.SessionRepositoryFilter$SessionRepositoryRequestWrapper@12179173]
16:35:41.502 [http-nio-8080-exec-1] ERROR c.h.homieMatching.aop.LogInterceptor - request end, id: b4517716-2556-44c2-bf3c-1314fe000fd9, cost: 12ms
16:35:41.850 [http-nio-8080-exec-3] INFO  c.h.h.config.HttpSessionConfig - HttpSession initialized: 5F70B3E15082CE99EB70DBD63DAAECA3
16:35:41.855 [http-nio-8080-exec-3] INFO  c.h.homieMatching.aop.LogInterceptor - request start，id: dffc7084-7ccf-46c7-86da-6a237d7b9c53, path: /api/friend/list, ip: 0:0:0:0:0:0:0:1, params: [org.springframework.session.web.http.SessionRepositoryFilter$SessionRepositoryRequestWrapper@32eb984f]
16:35:41.865 [http-nio-8080-exec-3] ERROR c.h.homieMatching.aop.LogInterceptor - request end, id: dffc7084-7ccf-46c7-86da-6a237d7b9c53, cost: 10ms
16:35:42.251 [http-nio-8080-exec-4] INFO  c.h.h.config.HttpSessionConfig - HttpSession initialized: 5F70B3E15082CE99EB70DBD63DAAECA3
16:35:42.254 [http-nio-8080-exec-4] INFO  c.h.homieMatching.aop.LogInterceptor - request start，id: 6e5d6e1d-f767-4ac8-922d-5108305d0ac8, path: /api/user/recommend, ip: 0:0:0:0:0:0:0:1, params: [3, 1, org.springframework.session.web.http.SessionRepositoryFilter$SessionRepositoryRequestWrapper@5174300d]
16:35:42.256 [http-nio-8080-exec-4] ERROR c.h.homieMatching.aop.LogInterceptor - request end, id: 6e5d6e1d-f767-4ac8-922d-5108305d0ac8, cost: 2ms
16:35:42.268 [http-nio-8080-exec-2] INFO  c.h.h.config.HttpSessionConfig - HttpSession initialized: 5F70B3E15082CE99EB70DBD63DAAECA3
16:35:42.271 [http-nio-8080-exec-2] INFO  c.h.homieMatching.aop.LogInterceptor - request start，id: cce97888-961b-43c5-b31d-4f1835589482, path: /api/user/recommend, ip: 0:0:0:0:0:0:0:1, params: [3, 2, org.springframework.session.web.http.SessionRepositoryFilter$SessionRepositoryRequestWrapper@4a28e1bc]
16:35:42.276 [http-nio-8080-exec-2] ERROR c.h.homieMatching.aop.LogInterceptor - request end, id: cce97888-961b-43c5-b31d-4f1835589482, cost: 5ms
16:35:42.813 [http-nio-8080-exec-7] INFO  c.h.h.config.HttpSessionConfig - HttpSession initialized: 5F70B3E15082CE99EB70DBD63DAAECA3
16:35:42.816 [http-nio-8080-exec-7] INFO  c.h.homieMatching.aop.LogInterceptor - request start，id: e8b351a6-b1b6-44dd-b3b3-b7a16d44a2ef, path: /api/friend/list, ip: 0:0:0:0:0:0:0:1, params: [org.springframework.session.web.http.SessionRepositoryFilter$SessionRepositoryRequestWrapper@794888c9]
16:35:42.830 [http-nio-8080-exec-7] ERROR c.h.homieMatching.aop.LogInterceptor - request end, id: e8b351a6-b1b6-44dd-b3b3-b7a16d44a2ef, cost: 14ms
16:35:43.302 [http-nio-8080-exec-8] INFO  c.h.h.config.HttpSessionConfig - HttpSession initialized: 5F70B3E15082CE99EB70DBD63DAAECA3
16:35:43.305 [http-nio-8080-exec-8] INFO  c.h.homieMatching.aop.LogInterceptor - request start，id: 6d08abca-038c-4f49-8bcd-90b273a8a846, path: /api/user/recommend, ip: 0:0:0:0:0:0:0:1, params: [3, 1, org.springframework.session.web.http.SessionRepositoryFilter$SessionRepositoryRequestWrapper@ad3af68]
16:35:43.308 [http-nio-8080-exec-8] ERROR c.h.homieMatching.aop.LogInterceptor - request end, id: 6d08abca-038c-4f49-8bcd-90b273a8a846, cost: 2ms
16:35:43.314 [http-nio-8080-exec-5] INFO  c.h.h.config.HttpSessionConfig - HttpSession initialized: 5F70B3E15082CE99EB70DBD63DAAECA3
16:35:43.317 [http-nio-8080-exec-5] INFO  c.h.homieMatching.aop.LogInterceptor - request start，id: a6178f83-2567-4e45-ad64-af615297426b, path: /api/user/recommend, ip: 0:0:0:0:0:0:0:1, params: [3, 2, org.springframework.session.web.http.SessionRepositoryFilter$SessionRepositoryRequestWrapper@1b7f850a]
16:35:43.318 [http-nio-8080-exec-5] ERROR c.h.homieMatching.aop.LogInterceptor - request end, id: a6178f83-2567-4e45-ad64-af615297426b, cost: 1ms
16:35:43.656 [http-nio-8080-exec-6] INFO  c.h.h.config.HttpSessionConfig - HttpSession initialized: 5F70B3E15082CE99EB70DBD63DAAECA3
16:35:43.658 [http-nio-8080-exec-6] INFO  c.h.homieMatching.aop.LogInterceptor - request start，id: b53f7ca1-4fa4-4a9c-bea8-eaea87f9e78b, path: /api/friend/list, ip: 0:0:0:0:0:0:0:1, params: [org.springframework.session.web.http.SessionRepositoryFilter$SessionRepositoryRequestWrapper@793edd04]
16:35:43.672 [http-nio-8080-exec-6] ERROR c.h.homieMatching.aop.LogInterceptor - request end, id: b53f7ca1-4fa4-4a9c-bea8-eaea87f9e78b, cost: 14ms
16:35:44.136 [http-nio-8080-exec-1] INFO  c.h.h.config.HttpSessionConfig - HttpSession initialized: 5F70B3E15082CE99EB70DBD63DAAECA3
16:35:44.137 [http-nio-8080-exec-1] INFO  c.h.homieMatching.aop.LogInterceptor - request start，id: 36b6ab04-9561-4e08-ae2a-793f9490051d, path: /api/team/list, ip: 0:0:0:0:0:0:0:1, params: [TeamQuery(id=null, idList=null, searchText=, teamName=null, description=null, maxNum=null, userId=null, status=0), org.springframework.session.web.http.SessionRepositoryFilter$SessionRepositoryRequestWrapper@68554b2e]
16:35:44.143 [http-nio-8080-exec-1] ERROR c.h.homieMatching.aop.LogInterceptor - request end, id: 36b6ab04-9561-4e08-ae2a-793f9490051d, cost: 5ms
16:35:44.147 [http-nio-8080-exec-3] INFO  c.h.h.config.HttpSessionConfig - HttpSession initialized: 5F70B3E15082CE99EB70DBD63DAAECA3
16:35:44.149 [http-nio-8080-exec-3] INFO  c.h.homieMatching.aop.LogInterceptor - request start，id: 2bf162b9-50c7-4eb5-ac9e-890288a0a8a3, path: /api/team/list, ip: 0:0:0:0:0:0:0:1, params: [TeamQuery(id=null, idList=null, searchText=, teamName=null, description=null, maxNum=null, userId=null, status=0), org.springframework.session.web.http.SessionRepositoryFilter$SessionRepositoryRequestWrapper@358fe464]
16:35:44.157 [http-nio-8080-exec-3] ERROR c.h.homieMatching.aop.LogInterceptor - request end, id: 2bf162b9-50c7-4eb5-ac9e-890288a0a8a3, cost: 8ms
16:35:45.437 [http-nio-8080-exec-4] INFO  c.h.h.config.HttpSessionConfig - HttpSession initialized: 5F70B3E15082CE99EB70DBD63DAAECA3
16:35:45.439 [http-nio-8080-exec-4] INFO  c.h.homieMatching.aop.LogInterceptor - request start，id: fef19e4d-709c-4e3c-aeb7-04c8dc6eeb55, path: /api/team/list, ip: 0:0:0:0:0:0:0:1, params: [TeamQuery(id=null, idList=null, searchText=, teamName=null, description=null, maxNum=null, userId=null, status=0), org.springframework.session.web.http.SessionRepositoryFilter$SessionRepositoryRequestWrapper@1098aa59]
16:35:45.444 [http-nio-8080-exec-4] ERROR c.h.homieMatching.aop.LogInterceptor - request end, id: fef19e4d-709c-4e3c-aeb7-04c8dc6eeb55, cost: 4ms
16:35:45.447 [http-nio-8080-exec-2] INFO  c.h.h.config.HttpSessionConfig - HttpSession initialized: 5F70B3E15082CE99EB70DBD63DAAECA3
16:35:45.448 [http-nio-8080-exec-2] INFO  c.h.homieMatching.aop.LogInterceptor - request start，id: c6f268fb-2035-4cca-bf8d-1a55df25ac66, path: /api/team/list, ip: 0:0:0:0:0:0:0:1, params: [TeamQuery(id=null, idList=null, searchText=, teamName=null, description=null, maxNum=null, userId=null, status=0), org.springframework.session.web.http.SessionRepositoryFilter$SessionRepositoryRequestWrapper@68f18ccb]
16:35:45.456 [http-nio-8080-exec-2] ERROR c.h.homieMatching.aop.LogInterceptor - request end, id: c6f268fb-2035-4cca-bf8d-1a55df25ac66, cost: 7ms
16:57:48.878 [http-nio-8080-exec-5] INFO  c.h.h.config.HttpSessionConfig - HttpSession initialized: 5F70B3E15082CE99EB70DBD63DAAECA3
16:57:48.881 [http-nio-8080-exec-5] INFO  c.h.homieMatching.aop.LogInterceptor - request start，id: e60461d9-d732-4c7d-802d-70696747b231, path: /api/user/current, ip: 0:0:0:0:0:0:0:1, params: [org.springframework.session.web.http.SessionRepositoryFilter$SessionRepositoryRequestWrapper@7f656ab]
16:57:48.885 [http-nio-8080-exec-5] ERROR c.h.homieMatching.aop.LogInterceptor - request end, id: e60461d9-d732-4c7d-802d-70696747b231, cost: 4ms
17:01:00.472 [http-nio-8080-exec-10] INFO  c.h.h.config.HttpSessionConfig - HttpSession initialized: 5F70B3E15082CE99EB70DBD63DAAECA3
17:01:00.474 [http-nio-8080-exec-10] INFO  c.h.homieMatching.aop.LogInterceptor - request start，id: 74c7075a-a9e2-4e6a-bd9e-e48ef742881f, path: /api/user/logout, ip: 0:0:0:0:0:0:0:1, params: [org.springframework.session.web.http.SessionRepositoryFilter$SessionRepositoryRequestWrapper@671156fc]
17:01:00.474 [http-nio-8080-exec-10] ERROR c.h.homieMatching.aop.LogInterceptor - request end, id: 74c7075a-a9e2-4e6a-bd9e-e48ef742881f, cost: 0ms
17:24:37.339 [http-nio-8080-exec-1] INFO  c.h.h.config.HttpSessionConfig - HttpSession initialized: 5F70B3E15082CE99EB70DBD63DAAECA3
17:24:37.342 [http-nio-8080-exec-1] INFO  c.h.homieMatching.aop.LogInterceptor - request start，id: c24bb846-9cdd-4177-84ab-88c01c07b52e, path: /api/user/current, ip: 0:0:0:0:0:0:0:1, params: [org.springframework.session.web.http.SessionRepositoryFilter$SessionRepositoryRequestWrapper@32a0375]
17:24:37.351 [http-nio-8080-exec-1] ERROR c.h.h.e.GlobalExceptionHandler - businsessException未登录
com.hjj.homieMatching.exception.BusinessException: 未登录
	at com.hjj.homieMatching.service.impl.UserServiceImpl.getLoginUser(UserServiceImpl.java:327)
	at com.hjj.homieMatching.service.impl.UserServiceImpl$$FastClassBySpringCGLIB$$db23d2f7.invoke(<generated>)
	at org.springframework.cglib.proxy.MethodProxy.invoke(MethodProxy.java:218)
	at org.springframework.aop.framework.CglibAopProxy.invokeMethod(CglibAopProxy.java:386)
	at org.springframework.aop.framework.CglibAopProxy.access$000(CglibAopProxy.java:85)
	at org.springframework.aop.framework.CglibAopProxy$DynamicAdvisedInterceptor.intercept(CglibAopProxy.java:703)
	at com.hjj.homieMatching.service.impl.UserServiceImpl$$EnhancerBySpringCGLIB$$9a32c58e.getLoginUser(<generated>)
	at com.hjj.homieMatching.aop.LoginInterceptor.beforeControllerMethodExecution(LoginInterceptor.java:34)
	at sun.reflect.GeneratedMethodAccessor67.invoke(Unknown Source)
	at sun.reflect.DelegatingMethodAccessorImpl.invoke(DelegatingMethodAccessorImpl.java:43)
	at java.lang.reflect.Method.invoke(Method.java:498)
	at org.springframework.aop.aspectj.AbstractAspectJAdvice.invokeAdviceMethodWithGivenArgs(AbstractAspectJAdvice.java:634)
	at org.springframework.aop.aspectj.AbstractAspectJAdvice.invokeAdviceMethod(AbstractAspectJAdvice.java:617)
	at org.springframework.aop.aspectj.AspectJMethodBeforeAdvice.before(AspectJMethodBeforeAdvice.java:44)
	at org.springframework.aop.framework.adapter.MethodBeforeAdviceInterceptor.invoke(MethodBeforeAdviceInterceptor.java:57)
	at org.springframework.aop.framework.ReflectiveMethodInvocation.proceed(ReflectiveMethodInvocation.java:186)
	at org.springframework.aop.framework.CglibAopProxy$CglibMethodInvocation.proceed(CglibAopProxy.java:762)
	at org.springframework.aop.aspectj.MethodInvocationProceedingJoinPoint.proceed(MethodInvocationProceedingJoinPoint.java:89)
	at com.hjj.homieMatching.aop.LogInterceptor.doInterceptor(LogInterceptor.java:46)
	at sun.reflect.GeneratedMethodAccessor62.invoke(Unknown Source)
	at sun.reflect.DelegatingMethodAccessorImpl.invoke(DelegatingMethodAccessorImpl.java:43)
	at java.lang.reflect.Method.invoke(Method.java:498)
	at org.springframework.aop.aspectj.AbstractAspectJAdvice.invokeAdviceMethodWithGivenArgs(AbstractAspectJAdvice.java:634)
	at org.springframework.aop.aspectj.AbstractAspectJAdvice.invokeAdviceMethod(AbstractAspectJAdvice.java:624)
	at org.springframework.aop.aspectj.AspectJAroundAdvice.invoke(AspectJAroundAdvice.java:72)
	at org.springframework.aop.framework.ReflectiveMethodInvocation.proceed(ReflectiveMethodInvocation.java:186)
	at org.springframework.aop.framework.CglibAopProxy$CglibMethodInvocation.proceed(CglibAopProxy.java:762)
	at org.springframework.aop.interceptor.ExposeInvocationInterceptor.invoke(ExposeInvocationInterceptor.java:97)
	at org.springframework.aop.framework.ReflectiveMethodInvocation.proceed(ReflectiveMethodInvocation.java:186)
	at org.springframework.aop.framework.CglibAopProxy$CglibMethodInvocation.proceed(CglibAopProxy.java:762)
	at org.springframework.aop.framework.CglibAopProxy$DynamicAdvisedInterceptor.intercept(CglibAopProxy.java:707)
	at com.hjj.homieMatching.controller.UserController$$EnhancerBySpringCGLIB$$3a6a5b5b.getCurrentUser(<generated>)
	at sun.reflect.NativeMethodAccessorImpl.invoke0(Native Method)
	at sun.reflect.NativeMethodAccessorImpl.invoke(NativeMethodAccessorImpl.java:62)
	at sun.reflect.DelegatingMethodAccessorImpl.invoke(DelegatingMethodAccessorImpl.java:43)
	at java.lang.reflect.Method.invoke(Method.java:498)
	at org.springframework.web.method.support.InvocableHandlerMethod.doInvoke(InvocableHandlerMethod.java:205)
	at org.springframework.web.method.support.InvocableHandlerMethod.invokeForRequest(InvocableHandlerMethod.java:150)
	at org.springframework.web.servlet.mvc.method.annotation.ServletInvocableHandlerMethod.invokeAndHandle(ServletInvocableHandlerMethod.java:117)
	at org.springframework.web.servlet.mvc.method.annotation.RequestMappingHandlerAdapter.invokeHandlerMethod(RequestMappingHandlerAdapter.java:895)
	at org.springframework.web.servlet.mvc.method.annotation.RequestMappingHandlerAdapter.handleInternal(RequestMappingHandlerAdapter.java:808)
	at org.springframework.web.servlet.mvc.method.AbstractHandlerMethodAdapter.handle(AbstractHandlerMethodAdapter.java:87)
	at org.springframework.web.servlet.DispatcherServlet.doDispatch(DispatcherServlet.java:1072)
	at org.springframework.web.servlet.DispatcherServlet.doService(DispatcherServlet.java:965)
	at org.springframework.web.servlet.FrameworkServlet.processRequest(FrameworkServlet.java:1006)
	at org.springframework.web.servlet.FrameworkServlet.doGet(FrameworkServlet.java:898)
	at javax.servlet.http.HttpServlet.service(HttpServlet.java:529)
	at org.springframework.web.servlet.FrameworkServlet.service(FrameworkServlet.java:883)
	at javax.servlet.http.HttpServlet.service(HttpServlet.java:623)
	at org.apache.catalina.core.ApplicationFilterChain.internalDoFilter(ApplicationFilterChain.java:209)
	at org.apache.catalina.core.ApplicationFilterChain.doFilter(ApplicationFilterChain.java:153)
	at org.apache.tomcat.websocket.server.WsFilter.doFilter(WsFilter.java:51)
	at org.apache.catalina.core.ApplicationFilterChain.internalDoFilter(ApplicationFilterChain.java:178)
	at org.apache.catalina.core.ApplicationFilterChain.doFilter(ApplicationFilterChain.java:153)
	at com.hjj.homieMatching.config.HttpSessionFilter.doFilter(HttpSessionFilter.java:20)
	at org.apache.catalina.core.ApplicationFilterChain.internalDoFilter(ApplicationFilterChain.java:178)
	at org.apache.catalina.core.ApplicationFilterChain.doFilter(ApplicationFilterChain.java:153)
	at org.springframework.web.filter.RequestContextFilter.doFilterInternal(RequestContextFilter.java:100)
	at org.springframework.web.filter.OncePerRequestFilter.doFilter(OncePerRequestFilter.java:117)
	at org.apache.catalina.core.ApplicationFilterChain.internalDoFilter(ApplicationFilterChain.java:178)
	at org.apache.catalina.core.ApplicationFilterChain.doFilter(ApplicationFilterChain.java:153)
	at org.springframework.web.filter.FormContentFilter.doFilterInternal(FormContentFilter.java:93)
	at org.springframework.web.filter.OncePerRequestFilter.doFilter(OncePerRequestFilter.java:117)
	at org.apache.catalina.core.ApplicationFilterChain.internalDoFilter(ApplicationFilterChain.java:178)
	at org.apache.catalina.core.ApplicationFilterChain.doFilter(ApplicationFilterChain.java:153)
	at org.springframework.session.web.http.SessionRepositoryFilter.doFilterInternal(SessionRepositoryFilter.java:142)
	at org.springframework.session.web.http.OncePerRequestFilter.doFilter(OncePerRequestFilter.java:82)
	at org.springframework.web.filter.DelegatingFilterProxy.invokeDelegate(DelegatingFilterProxy.java:354)
	at org.springframework.web.filter.DelegatingFilterProxy.doFilter(DelegatingFilterProxy.java:267)
	at org.apache.catalina.core.ApplicationFilterChain.internalDoFilter(ApplicationFilterChain.java:178)
	at org.apache.catalina.core.ApplicationFilterChain.doFilter(ApplicationFilterChain.java:153)
	at org.springframework.web.filter.CharacterEncodingFilter.doFilterInternal(CharacterEncodingFilter.java:201)
	at org.springframework.web.filter.OncePerRequestFilter.doFilter(OncePerRequestFilter.java:117)
	at org.apache.catalina.core.ApplicationFilterChain.internalDoFilter(ApplicationFilterChain.java:178)
	at org.apache.catalina.core.ApplicationFilterChain.doFilter(ApplicationFilterChain.java:153)
	at org.apache.catalina.core.StandardWrapperValve.invoke(StandardWrapperValve.java:168)
	at org.apache.catalina.core.StandardContextValve.invoke(StandardContextValve.java:90)
	at org.apache.catalina.authenticator.AuthenticatorBase.invoke(AuthenticatorBase.java:481)
	at org.apache.catalina.core.StandardHostValve.invoke(StandardHostValve.java:130)
	at org.apache.catalina.valves.ErrorReportValve.invoke(ErrorReportValve.java:93)
	at org.apache.catalina.core.StandardEngineValve.invoke(StandardEngineValve.java:74)
	at org.apache.catalina.connector.CoyoteAdapter.service(CoyoteAdapter.java:343)
	at org.apache.coyote.http11.Http11Processor.service(Http11Processor.java:390)
	at org.apache.coyote.AbstractProcessorLight.process(AbstractProcessorLight.java:63)
	at org.apache.coyote.AbstractProtocol$ConnectionHandler.process(AbstractProtocol.java:926)
	at org.apache.tomcat.util.net.NioEndpoint$SocketProcessor.doRun(NioEndpoint.java:1790)
	at org.apache.tomcat.util.net.SocketProcessorBase.run(SocketProcessorBase.java:52)
	at org.apache.tomcat.util.threads.ThreadPoolExecutor.runWorker(ThreadPoolExecutor.java:1191)
	at org.apache.tomcat.util.threads.ThreadPoolExecutor$Worker.run(ThreadPoolExecutor.java:659)
	at org.apache.tomcat.util.threads.TaskThread$WrappingRunnable.run(TaskThread.java:61)
	at java.lang.Thread.run(Thread.java:750)
17:24:37.367 [http-nio-8080-exec-1] WARN  o.s.w.s.m.m.a.ExceptionHandlerExceptionResolver - Resolved [com.hjj.homieMatching.exception.BusinessException: 未登录]
17:24:37.408 [http-nio-8080-exec-3] INFO  c.h.h.config.HttpSessionConfig - HttpSession initialized: 5F70B3E15082CE99EB70DBD63DAAECA3
17:24:37.410 [http-nio-8080-exec-3] INFO  c.h.homieMatching.aop.LogInterceptor - request start，id: 72c5cff6-63e0-4073-af85-c34d86782692, path: /api/user/current, ip: 0:0:0:0:0:0:0:1, params: [org.springframework.session.web.http.SessionRepositoryFilter$SessionRepositoryRequestWrapper@49aa624d]
17:24:37.411 [http-nio-8080-exec-3] ERROR c.h.h.e.GlobalExceptionHandler - businsessException未登录
com.hjj.homieMatching.exception.BusinessException: 未登录
	at com.hjj.homieMatching.service.impl.UserServiceImpl.getLoginUser(UserServiceImpl.java:327)
	at com.hjj.homieMatching.service.impl.UserServiceImpl$$FastClassBySpringCGLIB$$db23d2f7.invoke(<generated>)
	at org.springframework.cglib.proxy.MethodProxy.invoke(MethodProxy.java:218)
	at org.springframework.aop.framework.CglibAopProxy.invokeMethod(CglibAopProxy.java:386)
	at org.springframework.aop.framework.CglibAopProxy.access$000(CglibAopProxy.java:85)
	at org.springframework.aop.framework.CglibAopProxy$DynamicAdvisedInterceptor.intercept(CglibAopProxy.java:703)
	at com.hjj.homieMatching.service.impl.UserServiceImpl$$EnhancerBySpringCGLIB$$9a32c58e.getLoginUser(<generated>)
	at com.hjj.homieMatching.aop.LoginInterceptor.beforeControllerMethodExecution(LoginInterceptor.java:34)
	at sun.reflect.GeneratedMethodAccessor67.invoke(Unknown Source)
	at sun.reflect.DelegatingMethodAccessorImpl.invoke(DelegatingMethodAccessorImpl.java:43)
	at java.lang.reflect.Method.invoke(Method.java:498)
	at org.springframework.aop.aspectj.AbstractAspectJAdvice.invokeAdviceMethodWithGivenArgs(AbstractAspectJAdvice.java:634)
	at org.springframework.aop.aspectj.AbstractAspectJAdvice.invokeAdviceMethod(AbstractAspectJAdvice.java:617)
	at org.springframework.aop.aspectj.AspectJMethodBeforeAdvice.before(AspectJMethodBeforeAdvice.java:44)
	at org.springframework.aop.framework.adapter.MethodBeforeAdviceInterceptor.invoke(MethodBeforeAdviceInterceptor.java:57)
	at org.springframework.aop.framework.ReflectiveMethodInvocation.proceed(ReflectiveMethodInvocation.java:186)
	at org.springframework.aop.framework.CglibAopProxy$CglibMethodInvocation.proceed(CglibAopProxy.java:762)
	at org.springframework.aop.aspectj.MethodInvocationProceedingJoinPoint.proceed(MethodInvocationProceedingJoinPoint.java:89)
	at com.hjj.homieMatching.aop.LogInterceptor.doInterceptor(LogInterceptor.java:46)
	at sun.reflect.GeneratedMethodAccessor62.invoke(Unknown Source)
	at sun.reflect.DelegatingMethodAccessorImpl.invoke(DelegatingMethodAccessorImpl.java:43)
	at java.lang.reflect.Method.invoke(Method.java:498)
	at org.springframework.aop.aspectj.AbstractAspectJAdvice.invokeAdviceMethodWithGivenArgs(AbstractAspectJAdvice.java:634)
	at org.springframework.aop.aspectj.AbstractAspectJAdvice.invokeAdviceMethod(AbstractAspectJAdvice.java:624)
	at org.springframework.aop.aspectj.AspectJAroundAdvice.invoke(AspectJAroundAdvice.java:72)
	at org.springframework.aop.framework.ReflectiveMethodInvocation.proceed(ReflectiveMethodInvocation.java:186)
	at org.springframework.aop.framework.CglibAopProxy$CglibMethodInvocation.proceed(CglibAopProxy.java:762)
	at org.springframework.aop.interceptor.ExposeInvocationInterceptor.invoke(ExposeInvocationInterceptor.java:97)
	at org.springframework.aop.framework.ReflectiveMethodInvocation.proceed(ReflectiveMethodInvocation.java:186)
	at org.springframework.aop.framework.CglibAopProxy$CglibMethodInvocation.proceed(CglibAopProxy.java:762)
	at org.springframework.aop.framework.CglibAopProxy$DynamicAdvisedInterceptor.intercept(CglibAopProxy.java:707)
	at com.hjj.homieMatching.controller.UserController$$EnhancerBySpringCGLIB$$3a6a5b5b.getCurrentUser(<generated>)
	at sun.reflect.NativeMethodAccessorImpl.invoke0(Native Method)
	at sun.reflect.NativeMethodAccessorImpl.invoke(NativeMethodAccessorImpl.java:62)
	at sun.reflect.DelegatingMethodAccessorImpl.invoke(DelegatingMethodAccessorImpl.java:43)
	at java.lang.reflect.Method.invoke(Method.java:498)
	at org.springframework.web.method.support.InvocableHandlerMethod.doInvoke(InvocableHandlerMethod.java:205)
	at org.springframework.web.method.support.InvocableHandlerMethod.invokeForRequest(InvocableHandlerMethod.java:150)
	at org.springframework.web.servlet.mvc.method.annotation.ServletInvocableHandlerMethod.invokeAndHandle(ServletInvocableHandlerMethod.java:117)
	at org.springframework.web.servlet.mvc.method.annotation.RequestMappingHandlerAdapter.invokeHandlerMethod(RequestMappingHandlerAdapter.java:895)
	at org.springframework.web.servlet.mvc.method.annotation.RequestMappingHandlerAdapter.handleInternal(RequestMappingHandlerAdapter.java:808)
	at org.springframework.web.servlet.mvc.method.AbstractHandlerMethodAdapter.handle(AbstractHandlerMethodAdapter.java:87)
	at org.springframework.web.servlet.DispatcherServlet.doDispatch(DispatcherServlet.java:1072)
	at org.springframework.web.servlet.DispatcherServlet.doService(DispatcherServlet.java:965)
	at org.springframework.web.servlet.FrameworkServlet.processRequest(FrameworkServlet.java:1006)
	at org.springframework.web.servlet.FrameworkServlet.doGet(FrameworkServlet.java:898)
	at javax.servlet.http.HttpServlet.service(HttpServlet.java:529)
	at org.springframework.web.servlet.FrameworkServlet.service(FrameworkServlet.java:883)
	at javax.servlet.http.HttpServlet.service(HttpServlet.java:623)
	at org.apache.catalina.core.ApplicationFilterChain.internalDoFilter(ApplicationFilterChain.java:209)
	at org.apache.catalina.core.ApplicationFilterChain.doFilter(ApplicationFilterChain.java:153)
	at org.apache.tomcat.websocket.server.WsFilter.doFilter(WsFilter.java:51)
	at org.apache.catalina.core.ApplicationFilterChain.internalDoFilter(ApplicationFilterChain.java:178)
	at org.apache.catalina.core.ApplicationFilterChain.doFilter(ApplicationFilterChain.java:153)
	at com.hjj.homieMatching.config.HttpSessionFilter.doFilter(HttpSessionFilter.java:20)
	at org.apache.catalina.core.ApplicationFilterChain.internalDoFilter(ApplicationFilterChain.java:178)
	at org.apache.catalina.core.ApplicationFilterChain.doFilter(ApplicationFilterChain.java:153)
	at org.springframework.web.filter.RequestContextFilter.doFilterInternal(RequestContextFilter.java:100)
	at org.springframework.web.filter.OncePerRequestFilter.doFilter(OncePerRequestFilter.java:117)
	at org.apache.catalina.core.ApplicationFilterChain.internalDoFilter(ApplicationFilterChain.java:178)
	at org.apache.catalina.core.ApplicationFilterChain.doFilter(ApplicationFilterChain.java:153)
	at org.springframework.web.filter.FormContentFilter.doFilterInternal(FormContentFilter.java:93)
	at org.springframework.web.filter.OncePerRequestFilter.doFilter(OncePerRequestFilter.java:117)
	at org.apache.catalina.core.ApplicationFilterChain.internalDoFilter(ApplicationFilterChain.java:178)
	at org.apache.catalina.core.ApplicationFilterChain.doFilter(ApplicationFilterChain.java:153)
	at org.springframework.session.web.http.SessionRepositoryFilter.doFilterInternal(SessionRepositoryFilter.java:142)
	at org.springframework.session.web.http.OncePerRequestFilter.doFilter(OncePerRequestFilter.java:82)
	at org.springframework.web.filter.DelegatingFilterProxy.invokeDelegate(DelegatingFilterProxy.java:354)
	at org.springframework.web.filter.DelegatingFilterProxy.doFilter(DelegatingFilterProxy.java:267)
	at org.apache.catalina.core.ApplicationFilterChain.internalDoFilter(ApplicationFilterChain.java:178)
	at org.apache.catalina.core.ApplicationFilterChain.doFilter(ApplicationFilterChain.java:153)
	at org.springframework.web.filter.CharacterEncodingFilter.doFilterInternal(CharacterEncodingFilter.java:201)
	at org.springframework.web.filter.OncePerRequestFilter.doFilter(OncePerRequestFilter.java:117)
	at org.apache.catalina.core.ApplicationFilterChain.internalDoFilter(ApplicationFilterChain.java:178)
	at org.apache.catalina.core.ApplicationFilterChain.doFilter(ApplicationFilterChain.java:153)
	at org.apache.catalina.core.StandardWrapperValve.invoke(StandardWrapperValve.java:168)
	at org.apache.catalina.core.StandardContextValve.invoke(StandardContextValve.java:90)
	at org.apache.catalina.authenticator.AuthenticatorBase.invoke(AuthenticatorBase.java:481)
	at org.apache.catalina.core.StandardHostValve.invoke(StandardHostValve.java:130)
	at org.apache.catalina.valves.ErrorReportValve.invoke(ErrorReportValve.java:93)
	at org.apache.catalina.core.StandardEngineValve.invoke(StandardEngineValve.java:74)
	at org.apache.catalina.connector.CoyoteAdapter.service(CoyoteAdapter.java:343)
	at org.apache.coyote.http11.Http11Processor.service(Http11Processor.java:390)
	at org.apache.coyote.AbstractProcessorLight.process(AbstractProcessorLight.java:63)
	at org.apache.coyote.AbstractProtocol$ConnectionHandler.process(AbstractProtocol.java:926)
	at org.apache.tomcat.util.net.NioEndpoint$SocketProcessor.doRun(NioEndpoint.java:1790)
	at org.apache.tomcat.util.net.SocketProcessorBase.run(SocketProcessorBase.java:52)
	at org.apache.tomcat.util.threads.ThreadPoolExecutor.runWorker(ThreadPoolExecutor.java:1191)
	at org.apache.tomcat.util.threads.ThreadPoolExecutor$Worker.run(ThreadPoolExecutor.java:659)
	at org.apache.tomcat.util.threads.TaskThread$WrappingRunnable.run(TaskThread.java:61)
	at java.lang.Thread.run(Thread.java:750)
17:24:37.415 [http-nio-8080-exec-3] WARN  o.s.w.s.m.m.a.ExceptionHandlerExceptionResolver - Resolved [com.hjj.homieMatching.exception.BusinessException: 未登录]
17:37:52.158 [SpringApplicationShutdownHook] INFO  com.zaxxer.hikari.HikariDataSource - HikariPool-1 - Shutdown initiated...
17:37:52.164 [SpringApplicationShutdownHook] INFO  com.zaxxer.hikari.HikariDataSource - HikariPool-1 - Shutdown completed.
17:38:05.440 [restartedMain] INFO  c.h.h.HomieMatchingApplication - Starting HomieMatchingApplication using Java 1.8.0_402 on DESKTOP-MCJU8J2 with PID 32860 (D:\planet_projects\homieMatching-master\target\classes started by hejiajun in D:\planet_projects\homieMatching-master)
17:38:05.441 [restartedMain] INFO  c.h.h.HomieMatchingApplication - The following 1 profile is active: "dev"
17:38:05.488 [restartedMain] INFO  o.s.b.d.e.DevToolsPropertyDefaultsPostProcessor - Devtools property defaults active! Set 'spring.devtools.add-properties' to 'false' to disable
17:38:05.488 [restartedMain] INFO  o.s.b.d.e.DevToolsPropertyDefaultsPostProcessor - For additional web related logging consider setting the 'logging.level.web' property to 'DEBUG'
17:38:06.178 [restartedMain] INFO  o.s.d.r.c.RepositoryConfigurationDelegate - Multiple Spring Data modules found, entering strict repository configuration mode
17:38:06.180 [restartedMain] INFO  o.s.d.r.c.RepositoryConfigurationDelegate - Bootstrapping Spring Data Redis repositories in DEFAULT mode.
17:38:06.208 [restartedMain] INFO  o.s.d.r.c.RepositoryConfigurationDelegate - Finished Spring Data repository scanning in 12 ms. Found 0 Redis repository interfaces.
17:38:06.883 [restartedMain] INFO  o.s.b.w.e.tomcat.TomcatWebServer - Tomcat initialized with port(s): 8080 (http)
17:38:06.888 [restartedMain] INFO  o.a.coyote.http11.Http11NioProtocol - Initializing ProtocolHandler ["http-nio-8080"]
17:38:06.890 [restartedMain] INFO  o.a.catalina.core.StandardService - Starting service [Tomcat]
17:38:06.890 [restartedMain] INFO  o.a.catalina.core.StandardEngine - Starting Servlet engine: [Apache Tomcat/9.0.80]
17:38:06.950 [restartedMain] INFO  o.a.c.c.C.[.[localhost].[/api] - Initializing Spring embedded WebApplicationContext
17:38:06.950 [restartedMain] INFO  o.s.b.w.s.c.ServletWebServerApplicationContext - Root WebApplicationContext: initialization completed in 1462 ms
17:38:06.987 [restartedMain] INFO  o.s.b.web.servlet.RegistrationBean - Filter httpSessionFilter was not registered (possibly already registered?)
17:38:07.907 [restartedMain] WARN  c.b.m.core.metadata.TableInfoHelper - This primary key of "id" is primitive !不建议如此请使用包装类 in Class: "com.hjj.homieMatching.model.domain.User"
17:38:08.771 [restartedMain] INFO  org.redisson.Version - Redisson 3.17.5
17:38:08.951 [redisson-netty-4-6] INFO  o.r.c.p.MasterPubSubConnectionPool - 1 connections initialized for localhost/127.0.0.1:6379
17:38:08.979 [redisson-netty-4-20] INFO  o.r.c.pool.MasterConnectionPool - 24 connections initialized for localhost/127.0.0.1:6379
17:38:09.180 [restartedMain] INFO  com.zaxxer.hikari.HikariDataSource - HikariPool-1 - Starting...
17:38:09.430 [restartedMain] INFO  com.zaxxer.hikari.HikariDataSource - HikariPool-1 - Start completed.
17:38:09.937 [restartedMain] INFO  s.d.s.w.WebMvcPropertySourcedRequestMappingHandlerMapping - Mapped URL path [/v2/api-docs] onto method [springfox.documentation.swagger2.web.Swagger2ControllerWebMvc#getDocumentation(String, HttpServletRequest)]
17:38:10.105 [restartedMain] INFO  o.s.b.d.a.OptionalLiveReloadServer - LiveReload server is running on port 35729
17:38:10.608 [restartedMain] INFO  o.a.coyote.http11.Http11NioProtocol - Starting ProtocolHandler ["http-nio-8080"]
17:38:10.616 [restartedMain] INFO  o.s.b.w.e.tomcat.TomcatWebServer - Tomcat started on port(s): 8080 (http) with context path '/api'
17:38:10.617 [restartedMain] INFO  s.d.s.w.p.DocumentationPluginsBootstrapper - Documentation plugins bootstrapped
17:38:10.619 [restartedMain] INFO  s.d.s.w.p.DocumentationPluginsBootstrapper - Found 1 custom documentation plugin(s)
17:38:10.643 [restartedMain] INFO  s.d.s.w.s.ApiListingReferenceScanner - Scanning for api listing references
17:38:10.878 [restartedMain] INFO  o.s.s.a.ScheduledAnnotationBeanPostProcessor - No TaskScheduler/ScheduledExecutorService bean found for scheduled processing
17:38:10.886 [restartedMain] INFO  c.h.h.HomieMatchingApplication - Started HomieMatchingApplication in 5.908 seconds (JVM running for 7.649)
17:39:00.202 [SpringApplicationShutdownHook] INFO  com.zaxxer.hikari.HikariDataSource - HikariPool-1 - Shutdown initiated...
17:39:00.210 [SpringApplicationShutdownHook] INFO  com.zaxxer.hikari.HikariDataSource - HikariPool-1 - Shutdown completed.
17:39:04.197 [restartedMain] INFO  c.h.h.HomieMatchingApplication - Starting HomieMatchingApplication using Java 1.8.0_402 on DESKTOP-MCJU8J2 with PID 68128 (D:\planet_projects\homieMatching-master\target\classes started by hejiajun in D:\planet_projects\homieMatching-master)
17:39:04.199 [restartedMain] INFO  c.h.h.HomieMatchingApplication - The following 1 profile is active: "dev"
17:39:04.245 [restartedMain] INFO  o.s.b.d.e.DevToolsPropertyDefaultsPostProcessor - Devtools property defaults active! Set 'spring.devtools.add-properties' to 'false' to disable
17:39:04.245 [restartedMain] INFO  o.s.b.d.e.DevToolsPropertyDefaultsPostProcessor - For additional web related logging consider setting the 'logging.level.web' property to 'DEBUG'
17:39:04.903 [restartedMain] INFO  o.s.d.r.c.RepositoryConfigurationDelegate - Multiple Spring Data modules found, entering strict repository configuration mode
17:39:04.904 [restartedMain] INFO  o.s.d.r.c.RepositoryConfigurationDelegate - Bootstrapping Spring Data Redis repositories in DEFAULT mode.
17:39:04.926 [restartedMain] INFO  o.s.d.r.c.RepositoryConfigurationDelegate - Finished Spring Data repository scanning in 9 ms. Found 0 Redis repository interfaces.
17:39:05.591 [restartedMain] INFO  o.s.b.w.e.tomcat.TomcatWebServer - Tomcat initialized with port(s): 8080 (http)
17:39:05.597 [restartedMain] INFO  o.a.coyote.http11.Http11NioProtocol - Initializing ProtocolHandler ["http-nio-8080"]
17:39:05.598 [restartedMain] INFO  o.a.catalina.core.StandardService - Starting service [Tomcat]
17:39:05.598 [restartedMain] INFO  o.a.catalina.core.StandardEngine - Starting Servlet engine: [Apache Tomcat/9.0.80]
17:39:05.659 [restartedMain] INFO  o.a.c.c.C.[.[localhost].[/api] - Initializing Spring embedded WebApplicationContext
17:39:05.659 [restartedMain] INFO  o.s.b.w.s.c.ServletWebServerApplicationContext - Root WebApplicationContext: initialization completed in 1413 ms
17:39:05.697 [restartedMain] INFO  o.s.b.web.servlet.RegistrationBean - Filter httpSessionFilter was not registered (possibly already registered?)
17:39:06.577 [restartedMain] WARN  c.b.m.core.metadata.TableInfoHelper - This primary key of "id" is primitive !不建议如此请使用包装类 in Class: "com.hjj.homieMatching.model.domain.User"
17:39:07.456 [restartedMain] INFO  org.redisson.Version - Redisson 3.17.5
17:39:07.622 [redisson-netty-4-6] INFO  o.r.c.p.MasterPubSubConnectionPool - 1 connections initialized for localhost/127.0.0.1:6379
17:39:07.643 [redisson-netty-4-20] INFO  o.r.c.pool.MasterConnectionPool - 24 connections initialized for localhost/127.0.0.1:6379
17:39:07.836 [restartedMain] INFO  com.zaxxer.hikari.HikariDataSource - HikariPool-1 - Starting...
17:39:08.077 [restartedMain] INFO  com.zaxxer.hikari.HikariDataSource - HikariPool-1 - Start completed.
17:39:08.563 [restartedMain] INFO  s.d.s.w.WebMvcPropertySourcedRequestMappingHandlerMapping - Mapped URL path [/v2/api-docs] onto method [springfox.documentation.swagger2.web.Swagger2ControllerWebMvc#getDocumentation(String, HttpServletRequest)]
17:39:08.713 [restartedMain] INFO  o.s.b.d.a.OptionalLiveReloadServer - LiveReload server is running on port 35729
17:39:09.235 [restartedMain] INFO  o.a.coyote.http11.Http11NioProtocol - Starting ProtocolHandler ["http-nio-8080"]
17:39:09.244 [restartedMain] INFO  o.s.b.w.e.tomcat.TomcatWebServer - Tomcat started on port(s): 8080 (http) with context path '/api'
17:39:09.245 [restartedMain] INFO  s.d.s.w.p.DocumentationPluginsBootstrapper - Documentation plugins bootstrapped
17:39:09.247 [restartedMain] INFO  s.d.s.w.p.DocumentationPluginsBootstrapper - Found 1 custom documentation plugin(s)
17:39:09.268 [restartedMain] INFO  s.d.s.w.s.ApiListingReferenceScanner - Scanning for api listing references
17:39:09.508 [restartedMain] INFO  o.s.s.a.ScheduledAnnotationBeanPostProcessor - No TaskScheduler/ScheduledExecutorService bean found for scheduled processing
17:39:09.516 [restartedMain] INFO  c.h.h.HomieMatchingApplication - Started HomieMatchingApplication in 5.696 seconds (JVM running for 6.783)
17:41:03.142 [SpringApplicationShutdownHook] INFO  com.zaxxer.hikari.HikariDataSource - HikariPool-1 - Shutdown initiated...
17:41:03.151 [SpringApplicationShutdownHook] INFO  com.zaxxer.hikari.HikariDataSource - HikariPool-1 - Shutdown completed.
17:41:09.557 [restartedMain] INFO  c.h.h.HomieMatchingApplication - Starting HomieMatchingApplication using Java 1.8.0_402 on DESKTOP-MCJU8J2 with PID 36000 (D:\planet_projects\homieMatching-master\target\classes started by hejiajun in D:\planet_projects\homieMatching-master)
17:41:09.558 [restartedMain] INFO  c.h.h.HomieMatchingApplication - The following 1 profile is active: "dev"
17:41:09.606 [restartedMain] INFO  o.s.b.d.e.DevToolsPropertyDefaultsPostProcessor - Devtools property defaults active! Set 'spring.devtools.add-properties' to 'false' to disable
17:41:09.606 [restartedMain] INFO  o.s.b.d.e.DevToolsPropertyDefaultsPostProcessor - For additional web related logging consider setting the 'logging.level.web' property to 'DEBUG'
17:41:10.297 [restartedMain] INFO  o.s.d.r.c.RepositoryConfigurationDelegate - Multiple Spring Data modules found, entering strict repository configuration mode
17:41:10.298 [restartedMain] INFO  o.s.d.r.c.RepositoryConfigurationDelegate - Bootstrapping Spring Data Redis repositories in DEFAULT mode.
17:41:10.322 [restartedMain] INFO  o.s.d.r.c.RepositoryConfigurationDelegate - Finished Spring Data repository scanning in 12 ms. Found 0 Redis repository interfaces.
17:41:11.016 [restartedMain] INFO  o.s.b.w.e.tomcat.TomcatWebServer - Tomcat initialized with port(s): 8080 (http)
17:41:11.024 [restartedMain] INFO  o.a.coyote.http11.Http11NioProtocol - Initializing ProtocolHandler ["http-nio-8080"]
17:41:11.026 [restartedMain] INFO  o.a.catalina.core.StandardService - Starting service [Tomcat]
17:41:11.026 [restartedMain] INFO  o.a.catalina.core.StandardEngine - Starting Servlet engine: [Apache Tomcat/9.0.80]
17:41:11.115 [restartedMain] INFO  o.a.c.c.C.[.[localhost].[/api] - Initializing Spring embedded WebApplicationContext
17:41:11.116 [restartedMain] INFO  o.s.b.w.s.c.ServletWebServerApplicationContext - Root WebApplicationContext: initialization completed in 1509 ms
17:41:11.173 [restartedMain] INFO  o.s.b.web.servlet.RegistrationBean - Filter httpSessionFilter was not registered (possibly already registered?)
17:41:12.382 [restartedMain] WARN  c.b.m.core.metadata.TableInfoHelper - This primary key of "id" is primitive !不建议如此请使用包装类 in Class: "com.hjj.homieMatching.model.domain.User"
17:41:13.395 [restartedMain] INFO  org.redisson.Version - Redisson 3.17.5
17:41:13.576 [redisson-netty-4-6] INFO  o.r.c.p.MasterPubSubConnectionPool - 1 connections initialized for localhost/127.0.0.1:6379
17:41:13.612 [redisson-netty-4-20] INFO  o.r.c.pool.MasterConnectionPool - 24 connections initialized for localhost/127.0.0.1:6379
17:41:13.837 [restartedMain] INFO  com.zaxxer.hikari.HikariDataSource - HikariPool-1 - Starting...
17:41:14.057 [restartedMain] INFO  com.zaxxer.hikari.HikariDataSource - HikariPool-1 - Start completed.
17:41:14.609 [restartedMain] INFO  s.d.s.w.WebMvcPropertySourcedRequestMappingHandlerMapping - Mapped URL path [/v2/api-docs] onto method [springfox.documentation.swagger2.web.Swagger2ControllerWebMvc#getDocumentation(String, HttpServletRequest)]
17:41:14.886 [restartedMain] INFO  o.s.b.d.a.OptionalLiveReloadServer - LiveReload server is running on port 35729
17:41:15.535 [restartedMain] INFO  o.a.coyote.http11.Http11NioProtocol - Starting ProtocolHandler ["http-nio-8080"]
17:41:15.542 [restartedMain] INFO  o.s.b.w.e.tomcat.TomcatWebServer - Tomcat started on port(s): 8080 (http) with context path '/api'
17:41:15.543 [restartedMain] INFO  s.d.s.w.p.DocumentationPluginsBootstrapper - Documentation plugins bootstrapped
17:41:15.545 [restartedMain] INFO  s.d.s.w.p.DocumentationPluginsBootstrapper - Found 1 custom documentation plugin(s)
17:41:15.571 [restartedMain] INFO  s.d.s.w.s.ApiListingReferenceScanner - Scanning for api listing references
17:41:15.861 [restartedMain] INFO  o.s.s.a.ScheduledAnnotationBeanPostProcessor - No TaskScheduler/ScheduledExecutorService bean found for scheduled processing
17:41:15.870 [restartedMain] INFO  c.h.h.HomieMatchingApplication - Started HomieMatchingApplication in 6.707 seconds (JVM running for 7.77)
17:42:40.343 [SpringApplicationShutdownHook] INFO  com.zaxxer.hikari.HikariDataSource - HikariPool-1 - Shutdown initiated...
17:42:40.352 [SpringApplicationShutdownHook] INFO  com.zaxxer.hikari.HikariDataSource - HikariPool-1 - Shutdown completed.
17:42:46.633 [restartedMain] INFO  c.h.h.HomieMatchingApplication - Starting HomieMatchingApplication using Java 1.8.0_402 on DESKTOP-MCJU8J2 with PID 57700 (D:\planet_projects\homieMatching-master\target\classes started by hejiajun in D:\planet_projects\homieMatching-master)
17:42:46.634 [restartedMain] INFO  c.h.h.HomieMatchingApplication - The following 1 profile is active: "dev"
17:42:46.682 [restartedMain] INFO  o.s.b.d.e.DevToolsPropertyDefaultsPostProcessor - Devtools property defaults active! Set 'spring.devtools.add-properties' to 'false' to disable
17:42:46.683 [restartedMain] INFO  o.s.b.d.e.DevToolsPropertyDefaultsPostProcessor - For additional web related logging consider setting the 'logging.level.web' property to 'DEBUG'
17:42:47.351 [restartedMain] INFO  o.s.d.r.c.RepositoryConfigurationDelegate - Multiple Spring Data modules found, entering strict repository configuration mode
17:42:47.353 [restartedMain] INFO  o.s.d.r.c.RepositoryConfigurationDelegate - Bootstrapping Spring Data Redis repositories in DEFAULT mode.
17:42:47.374 [restartedMain] INFO  o.s.d.r.c.RepositoryConfigurationDelegate - Finished Spring Data repository scanning in 9 ms. Found 0 Redis repository interfaces.
17:42:48.025 [restartedMain] INFO  o.s.b.w.e.tomcat.TomcatWebServer - Tomcat initialized with port(s): 8080 (http)
17:42:48.031 [restartedMain] INFO  o.a.coyote.http11.Http11NioProtocol - Initializing ProtocolHandler ["http-nio-8080"]
17:42:48.032 [restartedMain] INFO  o.a.catalina.core.StandardService - Starting service [Tomcat]
17:42:48.032 [restartedMain] INFO  o.a.catalina.core.StandardEngine - Starting Servlet engine: [Apache Tomcat/9.0.80]
17:42:48.092 [restartedMain] INFO  o.a.c.c.C.[.[localhost].[/api] - Initializing Spring embedded WebApplicationContext
17:42:48.092 [restartedMain] INFO  o.s.b.w.s.c.ServletWebServerApplicationContext - Root WebApplicationContext: initialization completed in 1409 ms
17:42:48.132 [restartedMain] INFO  o.s.b.web.servlet.RegistrationBean - Filter httpSessionFilter was not registered (possibly already registered?)
17:42:49.001 [restartedMain] WARN  c.b.m.core.metadata.TableInfoHelper - This primary key of "id" is primitive !不建议如此请使用包装类 in Class: "com.hjj.homieMatching.model.domain.User"
17:42:49.833 [restartedMain] INFO  org.redisson.Version - Redisson 3.17.5
17:42:49.988 [redisson-netty-4-6] INFO  o.r.c.p.MasterPubSubConnectionPool - 1 connections initialized for localhost/127.0.0.1:6379
17:42:50.010 [redisson-netty-4-20] INFO  o.r.c.pool.MasterConnectionPool - 24 connections initialized for localhost/127.0.0.1:6379
17:42:50.200 [restartedMain] INFO  com.zaxxer.hikari.HikariDataSource - HikariPool-1 - Starting...
17:42:50.419 [restartedMain] INFO  com.zaxxer.hikari.HikariDataSource - HikariPool-1 - Start completed.
17:42:50.898 [restartedMain] INFO  s.d.s.w.WebMvcPropertySourcedRequestMappingHandlerMapping - Mapped URL path [/v2/api-docs] onto method [springfox.documentation.swagger2.web.Swagger2ControllerWebMvc#getDocumentation(String, HttpServletRequest)]
17:42:51.051 [restartedMain] INFO  o.s.b.d.a.OptionalLiveReloadServer - LiveReload server is running on port 35729
17:42:51.532 [restartedMain] INFO  o.a.coyote.http11.Http11NioProtocol - Starting ProtocolHandler ["http-nio-8080"]
17:42:51.540 [restartedMain] INFO  o.s.b.w.e.tomcat.TomcatWebServer - Tomcat started on port(s): 8080 (http) with context path '/api'
17:42:51.541 [restartedMain] INFO  s.d.s.w.p.DocumentationPluginsBootstrapper - Documentation plugins bootstrapped
17:42:51.543 [restartedMain] INFO  s.d.s.w.p.DocumentationPluginsBootstrapper - Found 1 custom documentation plugin(s)
17:42:51.566 [restartedMain] INFO  s.d.s.w.s.ApiListingReferenceScanner - Scanning for api listing references
17:42:51.801 [restartedMain] INFO  o.s.s.a.ScheduledAnnotationBeanPostProcessor - No TaskScheduler/ScheduledExecutorService bean found for scheduled processing
17:42:51.809 [restartedMain] INFO  c.h.h.HomieMatchingApplication - Started HomieMatchingApplication in 5.555 seconds (JVM running for 6.47)
18:33:31.468 [HikariPool-1 housekeeper] WARN  com.zaxxer.hikari.pool.HikariPool - HikariPool-1 - Thread starvation or clock leap detected (housekeeper delta=31m8s651ms614µs199ns).
19:21:52.879 [HikariPool-1 housekeeper] WARN  com.zaxxer.hikari.pool.HikariPool - HikariPool-1 - Thread starvation or clock leap detected (housekeeper delta=12m20s880ms347µs900ns).
20:20:23.214 [http-nio-8080-exec-1] INFO  c.h.h.config.HttpSessionConfig - HttpSession initialized: 80F43488BA7A2A1FC8930B1B51C9A880
20:20:23.214 [http-nio-8080-exec-2] INFO  c.h.h.config.HttpSessionConfig - HttpSession initialized: 664554E3B25D61C890A727284E7B6E40
20:20:23.240 [http-nio-8080-exec-2] INFO  o.a.c.c.C.[.[localhost].[/api] - Initializing Spring DispatcherServlet 'dispatcherServlet'
20:20:23.241 [http-nio-8080-exec-2] INFO  o.s.web.servlet.DispatcherServlet - Initializing Servlet 'dispatcherServlet'
20:20:23.293 [http-nio-8080-exec-2] INFO  o.s.web.servlet.DispatcherServlet - Completed initialization in 52 ms
20:20:23.472 [http-nio-8080-exec-2] INFO  c.h.homieMatching.aop.LogInterceptor - request start，id: e9bf4223-d3dd-466c-bbaf-253ecfda411b, path: /api/user/recommend, ip: 0:0:0:0:0:0:0:1, params: [3, 2, org.springframework.session.web.http.SessionRepositoryFilter$SessionRepositoryRequestWrapper@42f65efb]
20:20:23.472 [http-nio-8080-exec-1] INFO  c.h.homieMatching.aop.LogInterceptor - request start，id: 77913326-4e5f-456f-a660-3618b8758de2, path: /api/user/recommend, ip: 0:0:0:0:0:0:0:1, params: [3, 1, org.springframework.session.web.http.SessionRepositoryFilter$SessionRepositoryRequestWrapper@3fa70756]
20:20:23.499 [http-nio-8080-exec-2] ERROR c.h.h.e.GlobalExceptionHandler - businsessException未登录
com.hjj.homieMatching.exception.BusinessException: 未登录
	at com.hjj.homieMatching.service.impl.UserServiceImpl.getLoginUser(UserServiceImpl.java:327)
	at com.hjj.homieMatching.service.impl.UserServiceImpl$$FastClassBySpringCGLIB$$db23d2f7.invoke(<generated>)
	at org.springframework.cglib.proxy.MethodProxy.invoke(MethodProxy.java:218)
	at org.springframework.aop.framework.CglibAopProxy.invokeMethod(CglibAopProxy.java:386)
	at org.springframework.aop.framework.CglibAopProxy.access$000(CglibAopProxy.java:85)
	at org.springframework.aop.framework.CglibAopProxy$DynamicAdvisedInterceptor.intercept(CglibAopProxy.java:703)
	at com.hjj.homieMatching.service.impl.UserServiceImpl$$EnhancerBySpringCGLIB$$f6849004.getLoginUser(<generated>)
	at com.hjj.homieMatching.aop.LoginInterceptor.beforeControllerMethodExecution(LoginInterceptor.java:34)
	at sun.reflect.NativeMethodAccessorImpl.invoke0(Native Method)
	at sun.reflect.NativeMethodAccessorImpl.invoke(NativeMethodAccessorImpl.java:62)
	at sun.reflect.DelegatingMethodAccessorImpl.invoke(DelegatingMethodAccessorImpl.java:43)
	at java.lang.reflect.Method.invoke(Method.java:498)
	at org.springframework.aop.aspectj.AbstractAspectJAdvice.invokeAdviceMethodWithGivenArgs(AbstractAspectJAdvice.java:634)
	at org.springframework.aop.aspectj.AbstractAspectJAdvice.invokeAdviceMethod(AbstractAspectJAdvice.java:617)
	at org.springframework.aop.aspectj.AspectJMethodBeforeAdvice.before(AspectJMethodBeforeAdvice.java:44)
	at org.springframework.aop.framework.adapter.MethodBeforeAdviceInterceptor.invoke(MethodBeforeAdviceInterceptor.java:57)
	at org.springframework.aop.framework.ReflectiveMethodInvocation.proceed(ReflectiveMethodInvocation.java:186)
	at org.springframework.aop.framework.CglibAopProxy$CglibMethodInvocation.proceed(CglibAopProxy.java:762)
	at org.springframework.aop.aspectj.MethodInvocationProceedingJoinPoint.proceed(MethodInvocationProceedingJoinPoint.java:89)
	at com.hjj.homieMatching.aop.LogInterceptor.doInterceptor(LogInterceptor.java:46)
	at sun.reflect.NativeMethodAccessorImpl.invoke0(Native Method)
	at sun.reflect.NativeMethodAccessorImpl.invoke(NativeMethodAccessorImpl.java:62)
	at sun.reflect.DelegatingMethodAccessorImpl.invoke(DelegatingMethodAccessorImpl.java:43)
	at java.lang.reflect.Method.invoke(Method.java:498)
	at org.springframework.aop.aspectj.AbstractAspectJAdvice.invokeAdviceMethodWithGivenArgs(AbstractAspectJAdvice.java:634)
	at org.springframework.aop.aspectj.AbstractAspectJAdvice.invokeAdviceMethod(AbstractAspectJAdvice.java:624)
	at org.springframework.aop.aspectj.AspectJAroundAdvice.invoke(AspectJAroundAdvice.java:72)
	at org.springframework.aop.framework.ReflectiveMethodInvocation.proceed(ReflectiveMethodInvocation.java:186)
	at org.springframework.aop.framework.CglibAopProxy$CglibMethodInvocation.proceed(CglibAopProxy.java:762)
	at org.springframework.aop.interceptor.ExposeInvocationInterceptor.invoke(ExposeInvocationInterceptor.java:97)
	at org.springframework.aop.framework.ReflectiveMethodInvocation.proceed(ReflectiveMethodInvocation.java:186)
	at org.springframework.aop.framework.CglibAopProxy$CglibMethodInvocation.proceed(CglibAopProxy.java:762)
	at org.springframework.aop.framework.CglibAopProxy$DynamicAdvisedInterceptor.intercept(CglibAopProxy.java:707)
	at com.hjj.homieMatching.controller.UserController$$EnhancerBySpringCGLIB$$e13344ce.recommendUsers(<generated>)
	at sun.reflect.NativeMethodAccessorImpl.invoke0(Native Method)
	at sun.reflect.NativeMethodAccessorImpl.invoke(NativeMethodAccessorImpl.java:62)
	at sun.reflect.DelegatingMethodAccessorImpl.invoke(DelegatingMethodAccessorImpl.java:43)
	at java.lang.reflect.Method.invoke(Method.java:498)
	at org.springframework.web.method.support.InvocableHandlerMethod.doInvoke(InvocableHandlerMethod.java:205)
	at org.springframework.web.method.support.InvocableHandlerMethod.invokeForRequest(InvocableHandlerMethod.java:150)
	at org.springframework.web.servlet.mvc.method.annotation.ServletInvocableHandlerMethod.invokeAndHandle(ServletInvocableHandlerMethod.java:117)
	at org.springframework.web.servlet.mvc.method.annotation.RequestMappingHandlerAdapter.invokeHandlerMethod(RequestMappingHandlerAdapter.java:895)
	at org.springframework.web.servlet.mvc.method.annotation.RequestMappingHandlerAdapter.handleInternal(RequestMappingHandlerAdapter.java:808)
	at org.springframework.web.servlet.mvc.method.AbstractHandlerMethodAdapter.handle(AbstractHandlerMethodAdapter.java:87)
	at org.springframework.web.servlet.DispatcherServlet.doDispatch(DispatcherServlet.java:1072)
	at org.springframework.web.servlet.DispatcherServlet.doService(DispatcherServlet.java:965)
	at org.springframework.web.servlet.FrameworkServlet.processRequest(FrameworkServlet.java:1006)
	at org.springframework.web.servlet.FrameworkServlet.doGet(FrameworkServlet.java:898)
	at javax.servlet.http.HttpServlet.service(HttpServlet.java:529)
	at org.springframework.web.servlet.FrameworkServlet.service(FrameworkServlet.java:883)
	at javax.servlet.http.HttpServlet.service(HttpServlet.java:623)
	at org.apache.catalina.core.ApplicationFilterChain.internalDoFilter(ApplicationFilterChain.java:209)
	at org.apache.catalina.core.ApplicationFilterChain.doFilter(ApplicationFilterChain.java:153)
	at org.apache.tomcat.websocket.server.WsFilter.doFilter(WsFilter.java:51)
	at org.apache.catalina.core.ApplicationFilterChain.internalDoFilter(ApplicationFilterChain.java:178)
	at org.apache.catalina.core.ApplicationFilterChain.doFilter(ApplicationFilterChain.java:153)
	at com.hjj.homieMatching.config.HttpSessionFilter.doFilter(HttpSessionFilter.java:20)
	at org.apache.catalina.core.ApplicationFilterChain.internalDoFilter(ApplicationFilterChain.java:178)
	at org.apache.catalina.core.ApplicationFilterChain.doFilter(ApplicationFilterChain.java:153)
	at org.springframework.web.filter.RequestContextFilter.doFilterInternal(RequestContextFilter.java:100)
	at org.springframework.web.filter.OncePerRequestFilter.doFilter(OncePerRequestFilter.java:117)
	at org.apache.catalina.core.ApplicationFilterChain.internalDoFilter(ApplicationFilterChain.java:178)
	at org.apache.catalina.core.ApplicationFilterChain.doFilter(ApplicationFilterChain.java:153)
	at org.springframework.web.filter.FormContentFilter.doFilterInternal(FormContentFilter.java:93)
	at org.springframework.web.filter.OncePerRequestFilter.doFilter(OncePerRequestFilter.java:117)
	at org.apache.catalina.core.ApplicationFilterChain.internalDoFilter(ApplicationFilterChain.java:178)
	at org.apache.catalina.core.ApplicationFilterChain.doFilter(ApplicationFilterChain.java:153)
	at org.springframework.session.web.http.SessionRepositoryFilter.doFilterInternal(SessionRepositoryFilter.java:142)
	at org.springframework.session.web.http.OncePerRequestFilter.doFilter(OncePerRequestFilter.java:82)
	at org.springframework.web.filter.DelegatingFilterProxy.invokeDelegate(DelegatingFilterProxy.java:354)
	at org.springframework.web.filter.DelegatingFilterProxy.doFilter(DelegatingFilterProxy.java:267)
	at org.apache.catalina.core.ApplicationFilterChain.internalDoFilter(ApplicationFilterChain.java:178)
	at org.apache.catalina.core.ApplicationFilterChain.doFilter(ApplicationFilterChain.java:153)
	at org.springframework.web.filter.CharacterEncodingFilter.doFilterInternal(CharacterEncodingFilter.java:201)
	at org.springframework.web.filter.OncePerRequestFilter.doFilter(OncePerRequestFilter.java:117)
	at org.apache.catalina.core.ApplicationFilterChain.internalDoFilter(ApplicationFilterChain.java:178)
	at org.apache.catalina.core.ApplicationFilterChain.doFilter(ApplicationFilterChain.java:153)
	at org.apache.catalina.core.StandardWrapperValve.invoke(StandardWrapperValve.java:168)
	at org.apache.catalina.core.StandardContextValve.invoke(StandardContextValve.java:90)
	at org.apache.catalina.authenticator.AuthenticatorBase.invoke(AuthenticatorBase.java:481)
	at org.apache.catalina.core.StandardHostValve.invoke(StandardHostValve.java:130)
	at org.apache.catalina.valves.ErrorReportValve.invoke(ErrorReportValve.java:93)
	at org.apache.catalina.core.StandardEngineValve.invoke(StandardEngineValve.java:74)
	at org.apache.catalina.connector.CoyoteAdapter.service(CoyoteAdapter.java:343)
	at org.apache.coyote.http11.Http11Processor.service(Http11Processor.java:390)
	at org.apache.coyote.AbstractProcessorLight.process(AbstractProcessorLight.java:63)
	at org.apache.coyote.AbstractProtocol$ConnectionHandler.process(AbstractProtocol.java:926)
	at org.apache.tomcat.util.net.NioEndpoint$SocketProcessor.doRun(NioEndpoint.java:1790)
	at org.apache.tomcat.util.net.SocketProcessorBase.run(SocketProcessorBase.java:52)
	at org.apache.tomcat.util.threads.ThreadPoolExecutor.runWorker(ThreadPoolExecutor.java:1191)
	at org.apache.tomcat.util.threads.ThreadPoolExecutor$Worker.run(ThreadPoolExecutor.java:659)
	at org.apache.tomcat.util.threads.TaskThread$WrappingRunnable.run(TaskThread.java:61)
	at java.lang.Thread.run(Thread.java:750)
20:20:23.499 [http-nio-8080-exec-1] ERROR c.h.h.e.GlobalExceptionHandler - businsessException未登录
com.hjj.homieMatching.exception.BusinessException: 未登录
	at com.hjj.homieMatching.service.impl.UserServiceImpl.getLoginUser(UserServiceImpl.java:327)
	at com.hjj.homieMatching.service.impl.UserServiceImpl$$FastClassBySpringCGLIB$$db23d2f7.invoke(<generated>)
	at org.springframework.cglib.proxy.MethodProxy.invoke(MethodProxy.java:218)
	at org.springframework.aop.framework.CglibAopProxy.invokeMethod(CglibAopProxy.java:386)
	at org.springframework.aop.framework.CglibAopProxy.access$000(CglibAopProxy.java:85)
	at org.springframework.aop.framework.CglibAopProxy$DynamicAdvisedInterceptor.intercept(CglibAopProxy.java:703)
	at com.hjj.homieMatching.service.impl.UserServiceImpl$$EnhancerBySpringCGLIB$$f6849004.getLoginUser(<generated>)
	at com.hjj.homieMatching.aop.LoginInterceptor.beforeControllerMethodExecution(LoginInterceptor.java:34)
	at sun.reflect.NativeMethodAccessorImpl.invoke0(Native Method)
	at sun.reflect.NativeMethodAccessorImpl.invoke(NativeMethodAccessorImpl.java:62)
	at sun.reflect.DelegatingMethodAccessorImpl.invoke(DelegatingMethodAccessorImpl.java:43)
	at java.lang.reflect.Method.invoke(Method.java:498)
	at org.springframework.aop.aspectj.AbstractAspectJAdvice.invokeAdviceMethodWithGivenArgs(AbstractAspectJAdvice.java:634)
	at org.springframework.aop.aspectj.AbstractAspectJAdvice.invokeAdviceMethod(AbstractAspectJAdvice.java:617)
	at org.springframework.aop.aspectj.AspectJMethodBeforeAdvice.before(AspectJMethodBeforeAdvice.java:44)
	at org.springframework.aop.framework.adapter.MethodBeforeAdviceInterceptor.invoke(MethodBeforeAdviceInterceptor.java:57)
	at org.springframework.aop.framework.ReflectiveMethodInvocation.proceed(ReflectiveMethodInvocation.java:186)
	at org.springframework.aop.framework.CglibAopProxy$CglibMethodInvocation.proceed(CglibAopProxy.java:762)
	at org.springframework.aop.aspectj.MethodInvocationProceedingJoinPoint.proceed(MethodInvocationProceedingJoinPoint.java:89)
	at com.hjj.homieMatching.aop.LogInterceptor.doInterceptor(LogInterceptor.java:46)
	at sun.reflect.NativeMethodAccessorImpl.invoke0(Native Method)
	at sun.reflect.NativeMethodAccessorImpl.invoke(NativeMethodAccessorImpl.java:62)
	at sun.reflect.DelegatingMethodAccessorImpl.invoke(DelegatingMethodAccessorImpl.java:43)
	at java.lang.reflect.Method.invoke(Method.java:498)
	at org.springframework.aop.aspectj.AbstractAspectJAdvice.invokeAdviceMethodWithGivenArgs(AbstractAspectJAdvice.java:634)
	at org.springframework.aop.aspectj.AbstractAspectJAdvice.invokeAdviceMethod(AbstractAspectJAdvice.java:624)
	at org.springframework.aop.aspectj.AspectJAroundAdvice.invoke(AspectJAroundAdvice.java:72)
	at org.springframework.aop.framework.ReflectiveMethodInvocation.proceed(ReflectiveMethodInvocation.java:186)
	at org.springframework.aop.framework.CglibAopProxy$CglibMethodInvocation.proceed(CglibAopProxy.java:762)
	at org.springframework.aop.interceptor.ExposeInvocationInterceptor.invoke(ExposeInvocationInterceptor.java:97)
	at org.springframework.aop.framework.ReflectiveMethodInvocation.proceed(ReflectiveMethodInvocation.java:186)
	at org.springframework.aop.framework.CglibAopProxy$CglibMethodInvocation.proceed(CglibAopProxy.java:762)
	at org.springframework.aop.framework.CglibAopProxy$DynamicAdvisedInterceptor.intercept(CglibAopProxy.java:707)
	at com.hjj.homieMatching.controller.UserController$$EnhancerBySpringCGLIB$$e13344ce.recommendUsers(<generated>)
	at sun.reflect.NativeMethodAccessorImpl.invoke0(Native Method)
	at sun.reflect.NativeMethodAccessorImpl.invoke(NativeMethodAccessorImpl.java:62)
	at sun.reflect.DelegatingMethodAccessorImpl.invoke(DelegatingMethodAccessorImpl.java:43)
	at java.lang.reflect.Method.invoke(Method.java:498)
	at org.springframework.web.method.support.InvocableHandlerMethod.doInvoke(InvocableHandlerMethod.java:205)
	at org.springframework.web.method.support.InvocableHandlerMethod.invokeForRequest(InvocableHandlerMethod.java:150)
	at org.springframework.web.servlet.mvc.method.annotation.ServletInvocableHandlerMethod.invokeAndHandle(ServletInvocableHandlerMethod.java:117)
	at org.springframework.web.servlet.mvc.method.annotation.RequestMappingHandlerAdapter.invokeHandlerMethod(RequestMappingHandlerAdapter.java:895)
	at org.springframework.web.servlet.mvc.method.annotation.RequestMappingHandlerAdapter.handleInternal(RequestMappingHandlerAdapter.java:808)
	at org.springframework.web.servlet.mvc.method.AbstractHandlerMethodAdapter.handle(AbstractHandlerMethodAdapter.java:87)
	at org.springframework.web.servlet.DispatcherServlet.doDispatch(DispatcherServlet.java:1072)
	at org.springframework.web.servlet.DispatcherServlet.doService(DispatcherServlet.java:965)
	at org.springframework.web.servlet.FrameworkServlet.processRequest(FrameworkServlet.java:1006)
	at org.springframework.web.servlet.FrameworkServlet.doGet(FrameworkServlet.java:898)
	at javax.servlet.http.HttpServlet.service(HttpServlet.java:529)
	at org.springframework.web.servlet.FrameworkServlet.service(FrameworkServlet.java:883)
	at javax.servlet.http.HttpServlet.service(HttpServlet.java:623)
	at org.apache.catalina.core.ApplicationFilterChain.internalDoFilter(ApplicationFilterChain.java:209)
	at org.apache.catalina.core.ApplicationFilterChain.doFilter(ApplicationFilterChain.java:153)
	at org.apache.tomcat.websocket.server.WsFilter.doFilter(WsFilter.java:51)
	at org.apache.catalina.core.ApplicationFilterChain.internalDoFilter(ApplicationFilterChain.java:178)
	at org.apache.catalina.core.ApplicationFilterChain.doFilter(ApplicationFilterChain.java:153)
	at com.hjj.homieMatching.config.HttpSessionFilter.doFilter(HttpSessionFilter.java:20)
	at org.apache.catalina.core.ApplicationFilterChain.internalDoFilter(ApplicationFilterChain.java:178)
	at org.apache.catalina.core.ApplicationFilterChain.doFilter(ApplicationFilterChain.java:153)
	at org.springframework.web.filter.RequestContextFilter.doFilterInternal(RequestContextFilter.java:100)
	at org.springframework.web.filter.OncePerRequestFilter.doFilter(OncePerRequestFilter.java:117)
	at org.apache.catalina.core.ApplicationFilterChain.internalDoFilter(ApplicationFilterChain.java:178)
	at org.apache.catalina.core.ApplicationFilterChain.doFilter(ApplicationFilterChain.java:153)
	at org.springframework.web.filter.FormContentFilter.doFilterInternal(FormContentFilter.java:93)
	at org.springframework.web.filter.OncePerRequestFilter.doFilter(OncePerRequestFilter.java:117)
	at org.apache.catalina.core.ApplicationFilterChain.internalDoFilter(ApplicationFilterChain.java:178)
	at org.apache.catalina.core.ApplicationFilterChain.doFilter(ApplicationFilterChain.java:153)
	at org.springframework.session.web.http.SessionRepositoryFilter.doFilterInternal(SessionRepositoryFilter.java:142)
	at org.springframework.session.web.http.OncePerRequestFilter.doFilter(OncePerRequestFilter.java:82)
	at org.springframework.web.filter.DelegatingFilterProxy.invokeDelegate(DelegatingFilterProxy.java:354)
	at org.springframework.web.filter.DelegatingFilterProxy.doFilter(DelegatingFilterProxy.java:267)
	at org.apache.catalina.core.ApplicationFilterChain.internalDoFilter(ApplicationFilterChain.java:178)
	at org.apache.catalina.core.ApplicationFilterChain.doFilter(ApplicationFilterChain.java:153)
	at org.springframework.web.filter.CharacterEncodingFilter.doFilterInternal(CharacterEncodingFilter.java:201)
	at org.springframework.web.filter.OncePerRequestFilter.doFilter(OncePerRequestFilter.java:117)
	at org.apache.catalina.core.ApplicationFilterChain.internalDoFilter(ApplicationFilterChain.java:178)
	at org.apache.catalina.core.ApplicationFilterChain.doFilter(ApplicationFilterChain.java:153)
	at org.apache.catalina.core.StandardWrapperValve.invoke(StandardWrapperValve.java:168)
	at org.apache.catalina.core.StandardContextValve.invoke(StandardContextValve.java:90)
	at org.apache.catalina.authenticator.AuthenticatorBase.invoke(AuthenticatorBase.java:481)
	at org.apache.catalina.core.StandardHostValve.invoke(StandardHostValve.java:130)
	at org.apache.catalina.valves.ErrorReportValve.invoke(ErrorReportValve.java:93)
	at org.apache.catalina.core.StandardEngineValve.invoke(StandardEngineValve.java:74)
	at org.apache.catalina.connector.CoyoteAdapter.service(CoyoteAdapter.java:343)
	at org.apache.coyote.http11.Http11Processor.service(Http11Processor.java:390)
	at org.apache.coyote.AbstractProcessorLight.process(AbstractProcessorLight.java:63)
	at org.apache.coyote.AbstractProtocol$ConnectionHandler.process(AbstractProtocol.java:926)
	at org.apache.tomcat.util.net.NioEndpoint$SocketProcessor.doRun(NioEndpoint.java:1790)
	at org.apache.tomcat.util.net.SocketProcessorBase.run(SocketProcessorBase.java:52)
	at org.apache.tomcat.util.threads.ThreadPoolExecutor.runWorker(ThreadPoolExecutor.java:1191)
	at org.apache.tomcat.util.threads.ThreadPoolExecutor$Worker.run(ThreadPoolExecutor.java:659)
	at org.apache.tomcat.util.threads.TaskThread$WrappingRunnable.run(TaskThread.java:61)
	at java.lang.Thread.run(Thread.java:750)
20:20:23.617 [http-nio-8080-exec-2] WARN  o.s.w.s.m.m.a.ExceptionHandlerExceptionResolver - Resolved [com.hjj.homieMatching.exception.BusinessException: 未登录]
20:20:23.617 [http-nio-8080-exec-1] WARN  o.s.w.s.m.m.a.ExceptionHandlerExceptionResolver - Resolved [com.hjj.homieMatching.exception.BusinessException: 未登录]
20:55:29.045 [SpringApplicationShutdownHook] INFO  com.zaxxer.hikari.HikariDataSource - HikariPool-1 - Shutdown initiated...
20:55:29.057 [SpringApplicationShutdownHook] INFO  com.zaxxer.hikari.HikariDataSource - HikariPool-1 - Shutdown completed.
